2025-10-05 14:30:54,640 - JARVIS - INFO - [EventProcessor] - _process_events_loop:262 - Event processing loop started
2025-10-05 14:30:54,640 - JARVIS - INFO - [MainThread] - start_processing:141 - Event processing started
2025-10-05 14:30:54,642 - JARVIS - INFO - [MainThread] - __init__:83 - J.A.R.V.I.S. system initialized
2025-10-05 14:30:54,645 - JARVIS.SelfDevelopment - INFO - [MainThread] - initialize:176 - Initializing self-development engine...
2025-10-05 14:30:54,645 - JARVIS.WebSearcher - INFO - [MainThread] - initialize:95 - Initializing web searcher...
2025-10-05 14:30:54,646 - JARVIS.WebSearcher - INFO - [MainThread] - initialize:100 - Web searcher initialized
2025-10-05 14:30:54,646 - JARVIS.InfoCollector - INFO - [MainThread] - initialize:340 - Initializing info collector...
2025-10-05 14:30:54,812 - JARVIS.InfoCollector - INFO - [MainThread] - initialize:352 - Info collector initialized
2025-10-05 14:30:54,812 - JARVIS.ReasoningEngine - INFO - [MainThread] - initialize:82 - Initializing reasoning engine...
2025-10-05 14:30:54,812 - JARVIS.ReasoningEngine - INFO - [MainThread] - initialize:90 - Reasoning engine initialized
2025-10-05 14:30:54,812 - JARVIS.CodeGenerator - INFO - [MainThread] - initialize:50 - Initializing code generator...
2025-10-05 14:30:54,812 - JARVIS.CodeGenerator - INFO - [MainThread] - initialize:55 - Code generator initialized
2025-10-05 14:30:54,812 - JARVIS.Tester - INFO - [MainThread] - initialize:399 - Initializing comprehensive testing system...
2025-10-05 14:30:54,812 - JARVIS.Tester - INFO - [MainThread] - test_code:413 - Starting comprehensive testing for basic
2025-10-05 14:30:54,817 - JARVIS.Tester - ERROR - [MainThread] - test_code:476 - Error in comprehensive testing: 'security_issue'
2025-10-05 14:30:54,817 - JARVIS.Updater - INFO - [MainThread] - initialize:64 - Initializing update manager...
2025-10-05 14:30:54,817 - JARVIS.Updater - INFO - [MainThread] - initialize:76 - Update manager initialized
2025-10-05 14:30:54,817 - JARVIS.Evolver - INFO - [MainThread] - initialize:318 - Initializing genetic algorithm evolver...
2025-10-05 14:30:54,864 - JARVIS.Validator - INFO - [MainThread] - initialize:615 - Initializing advanced validator...
2025-10-05 14:30:54,869 - JARVIS.AdvancedResearch - INFO - [MainThread] - initialize:92 - Initializing advanced research engine...
2025-10-05 14:30:56,772 - JARVIS.AdvancedResearch - INFO - [MainThread] - initialize:102 - Credibility assessment model loaded
2025-10-05 14:30:56,772 - JARVIS.AdvancedResearch - INFO - [MainThread] - initialize:109 - Advanced research engine initialized
2025-10-05 14:30:56,773 - JARVIS.KnowledgeSynthesizer - INFO - [MainThread] - initialize:73 - Initializing knowledge synthesizer...
2025-10-05 14:31:02,481 - JARVIS.KnowledgeSynthesizer - INFO - [MainThread] - initialize:87 - ML models loaded successfully
2025-10-05 14:31:02,481 - JARVIS.KnowledgeSynthesizer - INFO - [MainThread] - initialize:95 - Knowledge graph initialized
2025-10-05 14:31:02,481 - JARVIS.KnowledgeSynthesizer - INFO - [MainThread] - initialize:97 - Knowledge synthesizer initialized
2025-10-05 14:31:02,481 - JARVIS.InnovationEngine - INFO - [MainThread] - initialize:83 - Initializing innovation engine...
2025-10-05 14:31:04,515 - JARVIS.InnovationEngine - INFO - [MainThread] - initialize:98 - Innovation models loaded successfully
2025-10-05 14:31:04,515 - JARVIS.InnovationEngine - INFO - [MainThread] - _initialize_solutions_database:120 - Initializing SentenceTransformer for solutions...
2025-10-05 14:31:07,790 - JARVIS.InnovationEngine - INFO - [MainThread] - _initialize_solutions_database:122 - Solutions embedding model initialized
2025-10-05 14:31:08,050 - JARVIS.InnovationEngine - INFO - [MainThread] - _initialize_solutions_database:137 - Solutions database initialized
2025-10-05 14:31:08,090 - JARVIS.InnovationEngine - INFO - [MainThread] - _seed_solutions_database:156 - Solutions database already contains 8 solutions
2025-10-05 14:31:08,090 - JARVIS.InnovationEngine - INFO - [MainThread] - initialize:109 - Innovation engine initialized
2025-10-05 14:31:08,090 - JARVIS.CodeOptimizer - INFO - [MainThread] - initialize:62 - Initializing code optimizer...
2025-10-05 14:31:08,090 - JARVIS.CodeOptimizer - INFO - [MainThread] - initialize:67 - Code optimizer initialized
2025-10-05 14:31:08,090 - JARVIS.SecurityValidator - INFO - [MainThread] - initialize:56 - Initializing security validator...
2025-10-05 14:31:08,090 - JARVIS.SecurityValidator - WARNING - [MainThread] - _validate_security_rules:558 - Security rule dangerous_imports missing field: type
2025-10-05 14:31:08,090 - JARVIS.SecurityValidator - WARNING - [MainThread] - _validate_security_rules:558 - Security rule dangerous_imports missing field: severity
2025-10-05 14:31:08,091 - JARVIS.SecurityValidator - WARNING - [MainThread] - _validate_security_rules:558 - Security rule dangerous_imports missing field: description
2025-10-05 14:31:08,091 - JARVIS.SecurityValidator - INFO - [MainThread] - initialize:61 - Security validator initialized
2025-10-05 14:31:08,091 - JARVIS.PerformanceAnalyzer - INFO - [MainThread] - initialize:62 - Initializing performance analyzer...
2025-10-05 14:31:08,092 - JARVIS.PerformanceAnalyzer - INFO - [MainThread] - initialize:68 - Performance analyzer initialized
2025-10-05 14:31:08,092 - JARVIS.IntegrationTester - INFO - [MainThread] - initialize:56 - Initializing integration tester...
2025-10-05 14:31:08,092 - JARVIS.IntegrationTester - INFO - [MainThread] - _load_system_components:1108 - Loading JARVIS system components for integration testing...
2025-10-05 14:31:08,092 - JARVIS.IntegrationTester - INFO - [MainThread] - _load_system_components:1145 - Loaded 4 system components for testing
2025-10-05 14:31:08,092 - JARVIS.IntegrationTester - INFO - [MainThread] - _setup_test_environment:1154 - Setting up integration test environment...
2025-10-05 14:31:08,094 - JARVIS.IntegrationTester - INFO - [MainThread] - _setup_test_environment:1204 - Integration test environment setup complete
2025-10-05 14:31:08,095 - JARVIS.IntegrationTester - INFO - [MainThread] - initialize:64 - Integration tester initialized
2025-10-05 14:31:08,095 - JARVIS.DeploymentOrchestrator - INFO - [MainThread] - initialize:66 - Initializing deployment orchestrator...
2025-10-05 14:31:08,095 - JARVIS.DeploymentOrchestrator - INFO - [MainThread] - initialize:74 - Deployment orchestrator initialized
2025-10-05 14:31:08,095 - JARVIS.SelfDevelopment - INFO - [MainThread] - initialize:205 - Self-development engine initialized
2025-10-05 14:31:08,095 - JARVIS.SelfDevelopment - INFO - [MainThread] - create_task:234 - Created development task: a1bd1b7e-33f0-4740-827e-aabb3b22c520 - Add user profile management feature
2025-10-05 14:31:08,095 - JARVIS - DEBUG - [MainThread] - emit_event:182 - Event emitted: Event(custom, NORMAL, self_development)
2025-10-05 14:31:08,096 - JARVIS.ApplicationHealer - INFO - [MainThread] - initialize:96 - Initializing application healer...
2025-10-05 14:31:08,096 - JARVIS.ErrorDetector - INFO - [MainThread] - initialize:21 - Error Detector initialized
2025-10-05 14:31:08,097 - JARVIS.ApplicationHealer - INFO - [HealingMonitor] - _monitoring_loop:169 - Application healer monitoring started
2025-10-05 14:31:08,097 - JARVIS.ApplicationHealer - INFO - [MainThread] - initialize:113 - Application healer initialized (background components loading)
2025-10-05 14:31:08,100 - JARVIS.Updater - INFO - [MainThread] - check_for_updates:93 - Checking for updates...
2025-10-05 14:31:08,110 - JARVIS.ErrorDetector - ERROR - [HealingMonitor] - _check_resource_errors:92 - Error checking resource errors: 'NoneType' object has no attribute 'current_readings'
2025-10-05 14:31:08,111 - JARVIS.ApplicationHealer - ERROR - [HealingMonitor] - _check_system_health:345 - Error checking system health: 'NoneType' object has no attribute 'current_readings'
2025-10-05 14:31:08,685 - JARVIS.ApplicationHealer - INFO - [HealingMonitor] - _optimize_memory:413 - Memory optimization completed
2025-10-05 14:31:08,686 - JARVIS.Updater - ERROR - [MainThread] - _fetch_version_info:336 - HTTP error fetching version info: HTTPSConnectionPool(host='api.jarvis.ai', port=443): Max retries exceeded with url: /updates/version.json (Caused by NameResolutionError("<urllib3.connection.HTTPSConnection object at 0x00000230D75CCA50>: Failed to resolve 'api.jarvis.ai' ([Errno 11001] getaddrinfo failed)"))
2025-10-05 14:31:08,687 - JARVIS.Optimizer - INFO - [HealingMonitor] - optimize_system:572 - Starting comprehensive system optimization...
2025-10-05 14:31:08,690 - JARVIS.SelfDevelopment - INFO - [MainThread] - _process_tasks:257 - Self-development task processing started
2025-10-05 14:31:09,244 - JARVIS.Debugger - INFO - [MainThread] - initialize:489 - Initializing advanced debugger system...
2025-10-05 14:31:09,246 - JARVIS.Debugger - INFO - [MainThread] - debug_error:511 - Starting comprehensive error analysis: debug_1759654869_2686
2025-10-05 14:31:09,246 - JARVIS.Debugger - INFO - [MainThread] - debug_error:618 - Error analysis completed in 0.00s with 0.0% confidence
2025-10-05 14:31:09,247 - JARVIS.Debugger - INFO - [MainThread] - initialize:499 - Advanced debugger initialized successfully
2025-10-05 14:31:09,247 - JARVIS.FixGenerator - INFO - [MainThread] - initialize:372 - Initializing advanced fix generator...
2025-10-05 14:31:09,247 - JARVIS.FixGenerator - INFO - [MainThread] - generate_fix:392 - Generating fix for error: test_error
2025-10-05 14:31:09,248 - JARVIS.FixGenerator - INFO - [MainThread] - generate_fix:439 - Fix generated in 0.00s with 0.7% confidence
2025-10-05 14:31:09,248 - JARVIS.FixGenerator - INFO - [MainThread] - initialize:381 - Advanced fix generator initialized successfully
2025-10-05 14:31:09,248 - JARVIS.PatchApplier - INFO - [MainThread] - initialize:419 - Initializing advanced patch applier...
2025-10-05 14:31:09,248 - JARVIS.PatchApplier - INFO - [MainThread] - initialize:427 - Advanced patch applier initialized successfully
2025-10-05 14:31:09,248 - JARVIS.RecoveryManager - INFO - [MainThread] - initialize:671 - Initializing advanced recovery manager...
2025-10-05 14:31:09,275 - JARVIS.RecoveryManager - INFO - [MainThread] - initialize:688 - Advanced recovery manager initialized successfully
2025-10-05 14:31:09,275 - JARVIS.Optimizer - INFO - [MainThread] - initialize:509 - Initializing advanced system optimizer...
2025-10-05 14:31:09,276 - JARVIS.Optimizer - INFO - [MainThread] - initialize:518 - Advanced optimizer initialized successfully
2025-10-05 14:31:09,276 - JARVIS.HealthReporter - INFO - [MainThread] - initialize:372 - Initializing advanced health reporter...
2025-10-05 14:31:09,277 - JARVIS.HealthReporter - INFO - [MainThread] - initialize:383 - Advanced health reporter initialized successfully
2025-10-05 14:31:09,277 - JARVIS.Predictor - INFO - [MainThread] - initialize:388 - Initializing advanced predictive analytics system...
2025-10-05 14:31:09,277 - JARVIS.Predictor - INFO - [MainThread] - initialize:400 - Advanced predictor initialized successfully
2025-10-05 14:31:09,277 - JARVIS.AdvancedDiagnostics - INFO - [MainThread] - initialize:67 - Initializing advanced diagnostics...
2025-10-05 14:31:10,950 - JARVIS.Optimizer - INFO - [HealingMonitor] - optimize_system:649 - System optimization completed: 4/5 categories optimized, 23.7% improvement
2025-10-05 14:31:10,951 - JARVIS.ApplicationHealer - ERROR - [HealingMonitor] - _cleanup_resources:477 - Error cleaning up resources: 'NoneType' object has no attribute 'cleanup_temp_files'
2025-10-05 14:31:14,285 - JARVIS.AdvancedDiagnostics - INFO - [MainThread] - _establish_baseline_metrics:910 - Baseline metrics established
2025-10-05 14:31:14,285 - JARVIS.AdvancedDiagnostics - INFO - [MainThread] - initialize:75 - Advanced diagnostics initialized
2025-10-05 14:31:14,285 - JARVIS.PredictiveMaintenance - INFO - [MainThread] - initialize:72 - Initializing predictive maintenance...
2025-10-05 14:31:14,286 - JARVIS.PredictiveMaintenance - INFO - [MainThread] - initialize:86 - Predictive maintenance initialized
2025-10-05 14:31:14,286 - JARVIS.ApplicationHealer - INFO - [MainThread] - _init_heavy_components:143 - All healer components initialized in background
