2025-10-04 06:41:11,332 - JARVIS - INFO - [MainThread] - __init__:82 - J.A.R.V.I.S. system initialized
2025-10-04 06:41:11,332 - JARVIS - INFO - [MainThread] - initialize_modules:166 - Initializing system modules...
2025-10-04 06:41:11,333 - JARVIS.VoiceInterface - INFO - [MainThread] - initialize:93 - Initializing voice interface...
2025-10-04 06:41:12,088 - JARVIS.VoiceInterface - INFO - [MainThread] - _initialize_tts:134 - TTS engine initialized
2025-10-04 06:41:12,626 - JARVIS.VoiceInterface - INFO - [MainThread] - _initialize_stt:155 - Adjusting for ambient noise...
2025-10-04 06:41:12,627 - JARVIS.VoiceInterface - ERROR - [MainThread] - _initialize_stt:162 - Error initializing STT: 'NoneType' object has no attribute 'close'
2025-10-04 06:41:12,627 - JARVIS.VoiceInterface - INFO - [MainThread] - _initialize_stt:163 - STT will be unavailable
2025-10-04 06:41:12,630 - JARVIS.VoiceInterface - INFO - [MainThread] - initialize:104 - Voice interface initialized successfully
2025-10-04 06:41:12,631 - JARVIS.SystemMonitor - INFO - [SystemMonitor] - _monitor_loop:108 - System monitoring loop started
2025-10-04 06:41:12,632 - JARVIS.SystemMonitor - INFO - [MainThread] - start_monitoring:94 - System monitoring started
2025-10-04 06:41:12,633 - JARVIS.ApplicationController - INFO - [MainThread] - initialize:59 - Initializing application controller...
2025-10-04 06:41:12,634 - JARVIS.ApplicationController - INFO - [MainThread] - start_monitoring:505 - Application monitoring started
2025-10-04 06:41:16,455 - JARVIS.SystemMonitor - WARNING - [SystemMonitor] - _trigger_alert:453 - Alert triggered: high_memory_usage - {'metric': 'memory', 'value': 91.7, 'threshold': 85, 'unit': 'percent'}
2025-10-04 06:41:17,586 - JARVIS.SystemMonitor - WARNING - [SystemMonitor] - _trigger_alert:453 - Alert triggered: high_memory_usage - {'metric': 'memory', 'value': 89.4, 'threshold': 85, 'unit': 'percent'}
2025-10-04 06:41:18,719 - JARVIS.ApplicationController - ERROR - [AppMonitor] - _monitor_loop:530 - Error in application monitoring: dictionary changed size during iteration
2025-10-04 06:41:18,760 - JARVIS.SystemMonitor - WARNING - [SystemMonitor] - _trigger_alert:453 - Alert triggered: high_memory_usage - {'metric': 'memory', 'value': 89.4, 'threshold': 85, 'unit': 'percent'}
2025-10-04 06:41:19,591 - JARVIS.ApplicationController - INFO - [MainThread] - _scan_running_applications:130 - Scanned 272 running applications
2025-10-04 06:41:19,591 - JARVIS.ApplicationController - INFO - [MainThread] - initialize:67 - Application controller initialized
2025-10-04 06:41:19,592 - JARVIS.FileManager - INFO - [MainThread] - initialize:72 - Initializing file manager...
2025-10-04 06:41:19,593 - JARVIS.FileManager - INFO - [MainThread] - initialize:77 - File manager initialized
2025-10-04 06:41:19,594 - JARVIS.NetworkManager - INFO - [MainThread] - initialize:63 - Initializing network manager...
2025-10-04 06:41:19,863 - JARVIS.NetworkManager - INFO - [MainThread] - _scan_network_interfaces:113 - Found 7 network interfaces
2025-10-04 06:41:19,875 - JARVIS.SystemMonitor - WARNING - [SystemMonitor] - _trigger_alert:453 - Alert triggered: high_memory_usage - {'metric': 'memory', 'value': 90.7, 'threshold': 85, 'unit': 'percent'}
2025-10-04 06:41:20,057 - JARVIS.NetworkManager - INFO - [MainThread] - _set_default_interface:145 - Default interface set to: 192.168.2.8
2025-10-04 06:41:20,058 - JARVIS.NetworkManager - INFO - [NetworkMonitor] - _monitor_loop:173 - Network monitoring loop started
2025-10-04 06:41:20,058 - JARVIS.NetworkManager - INFO - [MainThread] - start_monitoring:160 - Network monitoring started
2025-10-04 06:41:20,089 - JARVIS.NetworkManager - INFO - [MainThread] - initialize:74 - Network manager initialized
2025-10-04 06:41:20,120 - JARVIS.SecurityManager - INFO - [MainThread] - initialize:66 - Initializing security manager...
2025-10-04 06:41:20,125 - JARVIS.SecurityManager - INFO - [MainThread] - _initialize_encryption:126 - Using existing master encryption key
2025-10-04 06:41:20,126 - JARVIS.SecurityManager - INFO - [MainThread] - initialize:77 - Security manager initialized
2025-10-04 06:41:20,127 - JARVIS.PluginManager - INFO - [MainThread] - load_plugins:101 - Loading plugins...
2025-10-04 06:41:20,992 - JARVIS.SystemMonitor - WARNING - [SystemMonitor] - _trigger_alert:453 - Alert triggered: high_memory_usage - {'metric': 'memory', 'value': 90.7, 'threshold': 85, 'unit': 'percent'}
2025-10-04 06:41:21,161 - JARVIS.PluginManager - INFO - [MainThread] - load_plugins:110 - Loaded 6 plugins
2025-10-04 06:41:21,161 - JARVIS - INFO - [MainThread] - _initialize_advanced_components:209 - Initializing advanced AI components...
2025-10-04 06:41:21,172 - JARVIS - ERROR - [MainThread] - _initialize_advanced_components:234 - Error initializing advanced components: 'JARVIS' object has no attribute 'jarvis'
2025-10-04 06:41:21,172 - JARVIS - INFO - [MainThread] - initialize_modules:200 - All modules initialized successfully
2025-10-04 06:41:21,173 - JARVIS.SelfDevelopment - INFO - [MainThread] - initialize:153 - Initializing self-development engine...
2025-10-04 06:41:21,173 - JARVIS.WebSearcher - INFO - [MainThread] - initialize:95 - Initializing web searcher...
2025-10-04 06:41:21,173 - JARVIS.WebSearcher - INFO - [MainThread] - initialize:100 - Web searcher initialized
2025-10-04 06:41:21,174 - JARVIS.InfoCollector - INFO - [MainThread] - initialize:340 - Initializing info collector...
2025-10-04 06:41:22,096 - JARVIS.SystemMonitor - WARNING - [SystemMonitor] - _trigger_alert:453 - Alert triggered: high_memory_usage - {'metric': 'memory', 'value': 91.5, 'threshold': 85, 'unit': 'percent'}
2025-10-04 06:41:23,198 - JARVIS.SystemMonitor - WARNING - [SystemMonitor] - _trigger_alert:453 - Alert triggered: high_memory_usage - {'metric': 'memory', 'value': 91.5, 'threshold': 85, 'unit': 'percent'}
2025-10-04 06:41:27,293 - JARVIS.SystemMonitor - WARNING - [SystemMonitor] - _trigger_alert:453 - Alert triggered: high_memory_usage - {'metric': 'memory', 'value': 91.5, 'threshold': 85, 'unit': 'percent'}
2025-10-04 06:41:28,443 - JARVIS.SystemMonitor - WARNING - [SystemMonitor] - _trigger_alert:453 - Alert triggered: high_memory_usage - {'metric': 'memory', 'value': 93.0, 'threshold': 85, 'unit': 'percent'}
2025-10-04 06:41:28,690 - JARVIS.InfoCollector - INFO - [MainThread] - initialize:352 - Info collector initialized
2025-10-04 06:41:28,690 - JARVIS.ReasoningEngine - INFO - [MainThread] - initialize:82 - Initializing reasoning engine...
2025-10-04 06:41:28,690 - JARVIS.ReasoningEngine - INFO - [MainThread] - initialize:90 - Reasoning engine initialized
2025-10-04 06:41:28,690 - JARVIS.CodeGenerator - INFO - [MainThread] - initialize:50 - Initializing code generator...
2025-10-04 06:41:28,691 - JARVIS.CodeGenerator - INFO - [MainThread] - initialize:55 - Code generator initialized
2025-10-04 06:41:28,691 - JARVIS.Tester - INFO - [MainThread] - initialize:399 - Initializing comprehensive testing system...
2025-10-04 06:41:28,691 - JARVIS.Tester - INFO - [MainThread] - test_code:413 - Starting comprehensive testing for basic
2025-10-04 06:41:28,696 - JARVIS.Tester - ERROR - [MainThread] - test_code:476 - Error in comprehensive testing: 'security_issue'
2025-10-04 06:41:28,696 - JARVIS.Updater - INFO - [MainThread] - initialize:64 - Initializing update manager...
2025-10-04 06:41:28,696 - JARVIS.Updater - INFO - [MainThread] - initialize:76 - Update manager initialized
2025-10-04 06:41:28,697 - JARVIS.Evolver - INFO - [MainThread] - initialize:318 - Initializing genetic algorithm evolver...
2025-10-04 06:41:28,979 - JARVIS.Validator - INFO - [MainThread] - initialize:615 - Initializing advanced validator...
2025-10-04 06:41:29,296 - JARVIS.SelfDevelopment - INFO - [MainThread] - initialize:172 - Self-development engine initialized
2025-10-04 06:41:29,297 - JARVIS.SelfDevelopment - INFO - [MainThread] - create_task:201 - Created development task: fc5751da-1dbf-41e6-889c-0844bf604db3 - Add user profile management feature
2025-10-04 06:41:29,297 - JARVIS.SelfDevelopment - ERROR - [MainThread] - create_task:219 - Error creating development task: 'EventManager' object has no attribute 'EventType'
2025-10-04 06:41:29,298 - JARVIS.ApplicationHealer - INFO - [MainThread] - initialize:76 - Initializing application healer...
2025-10-04 06:41:29,298 - JARVIS.ErrorDetector - INFO - [MainThread] - initialize:21 - Error Detector initialized
2025-10-04 06:41:29,298 - JARVIS.Debugger - INFO - [MainThread] - initialize:489 - Initializing advanced debugger system...
2025-10-04 06:41:29,298 - JARVIS.Debugger - INFO - [MainThread] - debug_error:511 - Starting comprehensive error analysis: debug_1759540289_8679
2025-10-04 06:41:29,299 - JARVIS.Debugger - INFO - [MainThread] - debug_error:618 - Error analysis completed in 0.00s with 0.0% confidence
2025-10-04 06:41:29,574 - JARVIS.FixGenerator - INFO - [MainThread] - initialize:372 - Initializing advanced fix generator...
2025-10-04 06:41:29,617 - JARVIS.FixGenerator - INFO - [MainThread] - generate_fix:392 - Generating fix for error: test_error
2025-10-04 06:41:29,647 - JARVIS.FixGenerator - INFO - [MainThread] - generate_fix:439 - Fix generated in 0.03s with 0.7% confidence
2025-10-04 06:41:30,181 - JARVIS.PatchApplier - INFO - [MainThread] - initialize:419 - Initializing advanced patch applier...
2025-10-04 06:41:30,354 - JARVIS.SystemMonitor - WARNING - [SystemMonitor] - _trigger_alert:453 - Alert triggered: high_memory_usage - {'metric': 'memory', 'value': 93.0, 'threshold': 85, 'unit': 'percent'}
2025-10-04 06:41:30,690 - JARVIS.RecoveryManager - INFO - [MainThread] - initialize:671 - Initializing advanced recovery manager...
2025-10-04 06:41:30,702 - JARVIS.Optimizer - INFO - [MainThread] - initialize:509 - Initializing advanced system optimizer...
2025-10-04 06:41:30,708 - JARVIS.HealthReporter - INFO - [MainThread] - initialize:371 - Initializing advanced health reporter...
2025-10-04 06:41:30,708 - JARVIS.HealthReporter - ERROR - [MainThread] - initialize:385 - Error initializing health reporter: name 'asyncio' is not defined
2025-10-04 06:41:30,709 - JARVIS.ApplicationHealer - ERROR - [MainThread] - initialize:100 - Error initializing application healer: name 'asyncio' is not defined
2025-10-04 06:41:30,712 - JARVIS.Updater - INFO - [MainThread] - check_for_updates:93 - Checking for updates...
2025-10-04 06:41:30,727 - JARVIS.Updater - ERROR - [MainThread] - _fetch_version_info:336 - HTTP error fetching version info: HTTPSConnectionPool(host='api.jarvis.ai', port=443): Max retries exceeded with url: /updates/version.json (Caused by NameResolutionError("<urllib3.connection.HTTPSConnection object at 0x000002AEDB4B27B0>: Failed to resolve 'api.jarvis.ai' ([Errno 11001] getaddrinfo failed)"))
2025-10-04 06:41:30,728 - JARVIS.SelfDevelopment - INFO - [MainThread] - _process_tasks:224 - Self-development task processing started
