2025-10-04 12:56:47,034 - JARVIS - INFO - [MainThread] - __init__:82 - J.A.R.V.I.S. system initialized
2025-10-04 12:56:47,043 - JARVIS - INFO - [MainThread] - initialize_modules:166 - Initializing system modules...
2025-10-04 12:56:47,043 - JARVIS.VoiceInterface - INFO - [MainThread] - initialize:93 - Initializing voice interface...
2025-10-04 12:56:47,545 - JARVIS.VoiceInterface - INFO - [MainThread] - _initialize_tts:134 - TTS engine initialized
2025-10-04 12:56:47,792 - JARVIS.VoiceInterface - INFO - [MainThread] - _initialize_stt:155 - Adjusting for ambient noise...
2025-10-04 12:56:47,792 - JARVIS.VoiceInterface - ERROR - [MainThread] - _initialize_stt:162 - Error initializing STT: 'NoneType' object has no attribute 'close'
2025-10-04 12:56:47,793 - JARVIS.VoiceInterface - INFO - [MainThread] - _initialize_stt:163 - STT will be unavailable
2025-10-04 12:56:47,794 - JARVIS.VoiceInterface - INFO - [MainThread] - initialize:104 - Voice interface initialized successfully
2025-10-04 12:56:47,795 - JARVIS.SystemMonitor - INFO - [SystemMonitor] - _monitor_loop:108 - System monitoring loop started
2025-10-04 12:56:47,795 - JARVIS.SystemMonitor - INFO - [MainThread] - start_monitoring:94 - System monitoring started
2025-10-04 12:56:47,795 - JARVIS.ApplicationController - INFO - [MainThread] - initialize:59 - Initializing application controller...
2025-10-04 12:56:47,796 - JARVIS.ApplicationController - INFO - [MainThread] - start_monitoring:505 - Application monitoring started
2025-10-04 12:56:53,467 - JARVIS.ApplicationController - ERROR - [AppMonitor] - _monitor_loop:530 - Error in application monitoring: dictionary changed size during iteration
2025-10-04 12:56:53,518 - JARVIS.SystemMonitor - WARNING - [SystemMonitor] - _trigger_alert:453 - Alert triggered: high_memory_usage - {'metric': 'memory', 'value': 92.3, 'threshold': 85, 'unit': 'percent'}
2025-10-04 12:56:54,678 - JARVIS.SystemMonitor - WARNING - [SystemMonitor] - _trigger_alert:453 - Alert triggered: high_memory_usage - {'metric': 'memory', 'value': 90.6, 'threshold': 85, 'unit': 'percent'}
2025-10-04 12:56:55,619 - JARVIS.ApplicationController - INFO - [MainThread] - _scan_running_applications:130 - Scanned 293 running applications
2025-10-04 12:56:55,619 - JARVIS.ApplicationController - INFO - [MainThread] - initialize:67 - Application controller initialized
2025-10-04 12:56:55,619 - JARVIS.FileManager - INFO - [MainThread] - initialize:72 - Initializing file manager...
2025-10-04 12:56:55,623 - JARVIS.FileManager - INFO - [MainThread] - initialize:77 - File manager initialized
2025-10-04 12:56:55,624 - JARVIS.NetworkManager - INFO - [MainThread] - initialize:63 - Initializing network manager...
2025-10-04 12:56:55,801 - JARVIS.SystemMonitor - WARNING - [SystemMonitor] - _trigger_alert:453 - Alert triggered: high_memory_usage - {'metric': 'memory', 'value': 90.6, 'threshold': 85, 'unit': 'percent'}
2025-10-04 12:56:55,801 - JARVIS.NetworkManager - INFO - [MainThread] - _scan_network_interfaces:113 - Found 7 network interfaces
2025-10-04 12:56:55,994 - JARVIS.NetworkManager - INFO - [MainThread] - _set_default_interface:145 - Default interface set to: 192.168.2.8
2025-10-04 12:56:55,995 - JARVIS.NetworkManager - INFO - [NetworkMonitor] - _monitor_loop:173 - Network monitoring loop started
2025-10-04 12:56:55,995 - JARVIS.NetworkManager - INFO - [MainThread] - start_monitoring:160 - Network monitoring started
2025-10-04 12:56:56,018 - JARVIS.NetworkManager - INFO - [MainThread] - initialize:74 - Network manager initialized
2025-10-04 12:56:56,043 - JARVIS.SecurityManager - INFO - [MainThread] - initialize:66 - Initializing security manager...
2025-10-04 12:56:56,060 - JARVIS.SecurityManager - INFO - [MainThread] - _initialize_encryption:126 - Using existing master encryption key
2025-10-04 12:56:56,062 - JARVIS.SecurityManager - INFO - [MainThread] - initialize:77 - Security manager initialized
2025-10-04 12:56:56,062 - JARVIS.PluginManager - INFO - [MainThread] - load_plugins:101 - Loading plugins...
2025-10-04 12:56:56,348 - JARVIS.PluginManager - INFO - [MainThread] - load_plugins:110 - Loaded 6 plugins
2025-10-04 12:56:56,348 - JARVIS - INFO - [MainThread] - _initialize_advanced_components:209 - Initializing advanced AI components...
2025-10-04 12:56:56,353 - JARVIS.SelfDevelopment - INFO - [MainThread] - initialize:173 - Initializing self-development engine...
2025-10-04 12:56:56,353 - JARVIS.WebSearcher - INFO - [MainThread] - initialize:95 - Initializing web searcher...
2025-10-04 12:56:56,353 - JARVIS.WebSearcher - INFO - [MainThread] - initialize:100 - Web searcher initialized
2025-10-04 12:56:56,353 - JARVIS.InfoCollector - INFO - [MainThread] - initialize:340 - Initializing info collector...
2025-10-04 12:56:56,903 - JARVIS.SystemMonitor - WARNING - [SystemMonitor] - _trigger_alert:453 - Alert triggered: high_memory_usage - {'metric': 'memory', 'value': 91.8, 'threshold': 85, 'unit': 'percent'}
2025-10-04 12:56:56,912 - JARVIS.InfoCollector - INFO - [MainThread] - initialize:352 - Info collector initialized
2025-10-04 12:56:56,912 - JARVIS.ReasoningEngine - INFO - [MainThread] - initialize:82 - Initializing reasoning engine...
2025-10-04 12:56:56,913 - JARVIS.ReasoningEngine - INFO - [MainThread] - initialize:90 - Reasoning engine initialized
2025-10-04 12:56:56,913 - JARVIS.CodeGenerator - INFO - [MainThread] - initialize:50 - Initializing code generator...
2025-10-04 12:56:56,913 - JARVIS.CodeGenerator - INFO - [MainThread] - initialize:55 - Code generator initialized
2025-10-04 12:56:56,913 - JARVIS.Tester - INFO - [MainThread] - initialize:399 - Initializing comprehensive testing system...
2025-10-04 12:56:56,913 - JARVIS.Tester - INFO - [MainThread] - test_code:413 - Starting comprehensive testing for basic
2025-10-04 12:56:56,924 - JARVIS.Tester - ERROR - [MainThread] - test_code:476 - Error in comprehensive testing: 'security_issue'
2025-10-04 12:56:56,924 - JARVIS.Updater - INFO - [MainThread] - initialize:64 - Initializing update manager...
2025-10-04 12:56:56,927 - JARVIS.Updater - INFO - [MainThread] - initialize:76 - Update manager initialized
2025-10-04 12:56:56,927 - JARVIS.Evolver - INFO - [MainThread] - initialize:318 - Initializing genetic algorithm evolver...
2025-10-04 12:56:57,083 - JARVIS.Validator - INFO - [MainThread] - initialize:615 - Initializing advanced validator...
2025-10-04 12:56:57,086 - JARVIS.AdvancedResearch - INFO - [MainThread] - initialize:92 - Initializing advanced research engine...
2025-10-04 12:56:58,038 - JARVIS.SystemMonitor - WARNING - [SystemMonitor] - _trigger_alert:453 - Alert triggered: high_memory_usage - {'metric': 'memory', 'value': 91.8, 'threshold': 85, 'unit': 'percent'}
2025-10-04 12:56:59,079 - JARVIS.AdvancedResearch - INFO - [MainThread] - initialize:102 - Credibility assessment model loaded
2025-10-04 12:56:59,079 - JARVIS.AdvancedResearch - INFO - [MainThread] - initialize:109 - Advanced research engine initialized
2025-10-04 12:56:59,079 - JARVIS.KnowledgeSynthesizer - INFO - [MainThread] - initialize:73 - Initializing knowledge synthesizer...
2025-10-04 12:57:02,027 - JARVIS.SystemMonitor - WARNING - [SystemMonitor] - _trigger_alert:453 - Alert triggered: high_memory_usage - {'metric': 'memory', 'value': 93.5, 'threshold': 85, 'unit': 'percent'}
2025-10-04 12:57:03,149 - JARVIS.SystemMonitor - WARNING - [SystemMonitor] - _trigger_alert:453 - Alert triggered: high_memory_usage - {'metric': 'memory', 'value': 92.0, 'threshold': 85, 'unit': 'percent'}
2025-10-04 12:57:04,265 - JARVIS.SystemMonitor - WARNING - [SystemMonitor] - _trigger_alert:453 - Alert triggered: high_memory_usage - {'metric': 'memory', 'value': 92.0, 'threshold': 85, 'unit': 'percent'}
2025-10-04 12:57:05,400 - JARVIS.SystemMonitor - WARNING - [SystemMonitor] - _trigger_alert:453 - Alert triggered: high_memory_usage - {'metric': 'memory', 'value': 92.3, 'threshold': 85, 'unit': 'percent'}
2025-10-04 12:57:06,521 - JARVIS.SystemMonitor - WARNING - [SystemMonitor] - _trigger_alert:453 - Alert triggered: high_memory_usage - {'metric': 'memory', 'value': 92.3, 'threshold': 85, 'unit': 'percent'}
2025-10-04 12:57:07,627 - JARVIS.SystemMonitor - WARNING - [SystemMonitor] - _trigger_alert:453 - Alert triggered: high_memory_usage - {'metric': 'memory', 'value': 92.8, 'threshold': 85, 'unit': 'percent'}
2025-10-04 12:57:08,731 - JARVIS.SystemMonitor - WARNING - [SystemMonitor] - _trigger_alert:453 - Alert triggered: high_memory_usage - {'metric': 'memory', 'value': 92.8, 'threshold': 85, 'unit': 'percent'}
2025-10-04 12:57:14,646 - JARVIS.SystemMonitor - WARNING - [SystemMonitor] - _trigger_alert:453 - Alert triggered: high_memory_usage - {'metric': 'memory', 'value': 93.1, 'threshold': 85, 'unit': 'percent'}
2025-10-04 12:57:15,016 - JARVIS.KnowledgeSynthesizer - INFO - [MainThread] - initialize:87 - ML models loaded successfully
2025-10-04 12:57:15,016 - JARVIS.KnowledgeSynthesizer - INFO - [MainThread] - initialize:95 - Knowledge graph initialized
2025-10-04 12:57:15,016 - JARVIS.KnowledgeSynthesizer - INFO - [MainThread] - initialize:97 - Knowledge synthesizer initialized
2025-10-04 12:57:15,017 - JARVIS.InnovationEngine - INFO - [MainThread] - initialize:83 - Initializing innovation engine...
2025-10-04 12:57:15,766 - JARVIS.SystemMonitor - WARNING - [SystemMonitor] - _trigger_alert:453 - Alert triggered: high_memory_usage - {'metric': 'memory', 'value': 93.3, 'threshold': 85, 'unit': 'percent'}
2025-10-04 12:57:16,573 - JARVIS.InnovationEngine - INFO - [MainThread] - initialize:98 - Innovation models loaded successfully
2025-10-04 12:57:16,573 - JARVIS.InnovationEngine - INFO - [MainThread] - _initialize_solutions_database:120 - Initializing SentenceTransformer for solutions...
2025-10-04 12:57:16,872 - JARVIS.SystemMonitor - WARNING - [SystemMonitor] - _trigger_alert:453 - Alert triggered: high_memory_usage - {'metric': 'memory', 'value': 93.3, 'threshold': 85, 'unit': 'percent'}
2025-10-04 12:57:17,974 - JARVIS.SystemMonitor - WARNING - [SystemMonitor] - _trigger_alert:453 - Alert triggered: high_memory_usage - {'metric': 'memory', 'value': 94.0, 'threshold': 85, 'unit': 'percent'}
2025-10-04 12:57:19,101 - JARVIS.SystemMonitor - WARNING - [SystemMonitor] - _trigger_alert:453 - Alert triggered: high_memory_usage - {'metric': 'memory', 'value': 94.0, 'threshold': 85, 'unit': 'percent'}
2025-10-04 12:57:23,803 - JARVIS.InnovationEngine - INFO - [MainThread] - _initialize_solutions_database:122 - Solutions embedding model initialized
2025-10-04 12:57:24,775 - JARVIS.SystemMonitor - WARNING - [SystemMonitor] - _trigger_alert:453 - Alert triggered: high_memory_usage - {'metric': 'memory', 'value': 91.8, 'threshold': 85, 'unit': 'percent'}
2025-10-04 12:57:25,302 - JARVIS.InnovationEngine - INFO - [MainThread] - _initialize_solutions_database:137 - Solutions database initialized
2025-10-04 12:57:25,351 - JARVIS.InnovationEngine - INFO - [MainThread] - _seed_solutions_database:156 - Solutions database already contains 8 solutions
2025-10-04 12:57:25,351 - JARVIS.InnovationEngine - INFO - [MainThread] - initialize:109 - Innovation engine initialized
2025-10-04 12:57:25,352 - JARVIS.CodeOptimizer - INFO - [MainThread] - initialize:62 - Initializing code optimizer...
2025-10-04 12:57:25,352 - JARVIS.CodeOptimizer - INFO - [MainThread] - initialize:67 - Code optimizer initialized
2025-10-04 12:57:25,352 - JARVIS.SecurityValidator - INFO - [MainThread] - initialize:56 - Initializing security validator...
2025-10-04 12:57:25,352 - JARVIS.SecurityValidator - WARNING - [MainThread] - _validate_security_rules:558 - Security rule dangerous_imports missing field: type
2025-10-04 12:57:25,353 - JARVIS.SecurityValidator - WARNING - [MainThread] - _validate_security_rules:558 - Security rule dangerous_imports missing field: severity
2025-10-04 12:57:25,353 - JARVIS.SecurityValidator - WARNING - [MainThread] - _validate_security_rules:558 - Security rule dangerous_imports missing field: description
2025-10-04 12:57:25,353 - JARVIS.SecurityValidator - INFO - [MainThread] - initialize:61 - Security validator initialized
2025-10-04 12:57:25,353 - JARVIS.PerformanceAnalyzer - INFO - [MainThread] - initialize:62 - Initializing performance analyzer...
2025-10-04 12:57:25,354 - JARVIS.PerformanceAnalyzer - INFO - [MainThread] - initialize:68 - Performance analyzer initialized
2025-10-04 12:57:25,355 - JARVIS.IntegrationTester - INFO - [MainThread] - initialize:56 - Initializing integration tester...
2025-10-04 12:57:25,355 - JARVIS.IntegrationTester - INFO - [MainThread] - _load_system_components:1108 - Loading JARVIS system components for integration testing...
2025-10-04 12:57:25,355 - JARVIS.IntegrationTester - INFO - [MainThread] - _load_system_components:1145 - Loaded 8 system components for testing
2025-10-04 12:57:25,356 - JARVIS.IntegrationTester - INFO - [MainThread] - _setup_test_environment:1154 - Setting up integration test environment...
2025-10-04 12:57:25,363 - JARVIS.IntegrationTester - INFO - [MainThread] - _setup_test_environment:1204 - Integration test environment setup complete
2025-10-04 12:57:25,364 - JARVIS.IntegrationTester - INFO - [MainThread] - initialize:64 - Integration tester initialized
2025-10-04 12:57:25,364 - JARVIS.DeploymentOrchestrator - INFO - [MainThread] - initialize:66 - Initializing deployment orchestrator...
2025-10-04 12:57:25,366 - JARVIS.DeploymentOrchestrator - INFO - [MainThread] - initialize:74 - Deployment orchestrator initialized
2025-10-04 12:57:25,367 - JARVIS.SelfDevelopment - INFO - [MainThread] - initialize:202 - Self-development engine initialized
2025-10-04 12:57:25,367 - JARVIS.ApplicationHealer - INFO - [MainThread] - initialize:96 - Initializing application healer...
2025-10-04 12:57:25,368 - JARVIS.ErrorDetector - INFO - [MainThread] - initialize:21 - Error Detector initialized
2025-10-04 12:57:25,368 - JARVIS.Debugger - INFO - [MainThread] - initialize:489 - Initializing advanced debugger system...
2025-10-04 12:57:25,368 - JARVIS.Debugger - INFO - [MainThread] - debug_error:511 - Starting comprehensive error analysis: debug_1759562845_3063
2025-10-04 12:57:25,369 - JARVIS.Debugger - INFO - [MainThread] - debug_error:618 - Error analysis completed in 0.00s with 0.0% confidence
2025-10-04 12:57:25,376 - JARVIS.FixGenerator - INFO - [MainThread] - initialize:372 - Initializing advanced fix generator...
2025-10-04 12:57:25,376 - JARVIS.FixGenerator - INFO - [MainThread] - generate_fix:392 - Generating fix for error: test_error
2025-10-04 12:57:25,378 - JARVIS.FixGenerator - INFO - [MainThread] - generate_fix:439 - Fix generated in 0.00s with 0.7% confidence
2025-10-04 12:57:25,383 - JARVIS.PatchApplier - INFO - [MainThread] - initialize:419 - Initializing advanced patch applier...
2025-10-04 12:57:25,388 - JARVIS.RecoveryManager - INFO - [MainThread] - initialize:671 - Initializing advanced recovery manager...
2025-10-04 12:57:25,404 - JARVIS.Optimizer - INFO - [MainThread] - initialize:509 - Initializing advanced system optimizer...
2025-10-04 12:57:25,409 - JARVIS.HealthReporter - INFO - [MainThread] - initialize:371 - Initializing advanced health reporter...
2025-10-04 12:57:25,410 - JARVIS.HealthReporter - ERROR - [MainThread] - initialize:385 - Error initializing health reporter: name 'asyncio' is not defined
2025-10-04 12:57:25,410 - JARVIS.ApplicationHealer - ERROR - [MainThread] - initialize:130 - Error initializing application healer: name 'asyncio' is not defined
2025-10-04 12:57:25,410 - JARVIS - ERROR - [MainThread] - _initialize_advanced_components:234 - Error initializing advanced components: name 'asyncio' is not defined
2025-10-04 12:57:25,410 - JARVIS - INFO - [MainThread] - initialize_modules:200 - All modules initialized successfully
2025-10-04 12:57:25,412 - JARVIS.Updater - INFO - [MainThread] - check_for_updates:93 - Checking for updates...
2025-10-04 12:57:25,424 - JARVIS.Updater - ERROR - [MainThread] - _fetch_version_info:336 - HTTP error fetching version info: HTTPSConnectionPool(host='api.jarvis.ai', port=443): Max retries exceeded with url: /updates/version.json (Caused by NameResolutionError("<urllib3.connection.HTTPSConnection object at 0x0000021CA45EDA90>: Failed to resolve 'api.jarvis.ai' ([Errno 11001] getaddrinfo failed)"))
2025-10-04 12:57:25,426 - JARVIS.SelfDevelopment - INFO - [MainThread] - _process_tasks:254 - Self-development task processing started
2025-10-04 12:57:25,900 - JARVIS.SystemMonitor - WARNING - [SystemMonitor] - _trigger_alert:453 - Alert triggered: high_memory_usage - {'metric': 'memory', 'value': 92.3, 'threshold': 85, 'unit': 'percent'}
2025-10-04 12:57:27,002 - JARVIS.SystemMonitor - WARNING - [SystemMonitor] - _trigger_alert:453 - Alert triggered: high_memory_usage - {'metric': 'memory', 'value': 92.3, 'threshold': 85, 'unit': 'percent'}
