2025-10-05 04:49:46,772 - JARVIS - INFO - [MainThread] - __init__:82 - J.A.R.V.I.S. system initialized
2025-10-05 04:49:46,785 - JARVIS - INFO - [MainThread] - __init__:82 - J.A.R.V.I.S. system initialized
2025-10-05 04:49:46,785 - JARVIS - INFO - [MainThread] - __init__:82 - J.A.R.V.I.S. system initialized
2025-10-05 04:49:46,785 - JARVIS - DEBUG - [MainThread] - emit_event:182 - Event emitted: Event(custom, NORMAL, custom)
2025-10-05 04:49:46,785 - JARVIS - DEBUG - [MainThread] - emit_event:182 - Event emitted: Event(custom, NORMAL, custom)
2025-10-05 04:49:46,798 - JARVIS - INFO - [MainThread] - __init__:82 - J.A.R.V.I.S. system initialized
2025-10-05 04:49:46,798 - JARVIS - INFO - [MainThread] - __init__:82 - J.A.R.V.I.S. system initialized
2025-10-05 04:49:46,798 - JARVIS - INFO - [MainThread] - __init__:82 - J.A.R.V.I.S. system initialized
2025-10-05 04:49:46,810 - JARVIS - INFO - [MainThread] - __init__:82 - J.A.R.V.I.S. system initialized
2025-10-05 04:49:46,810 - JARVIS - INFO - [MainThread] - __init__:82 - J.A.R.V.I.S. system initialized
2025-10-05 04:49:46,810 - JARVIS - INFO - [MainThread] - __init__:82 - J.A.R.V.I.S. system initialized
2025-10-05 04:49:46,810 - JARVIS - INFO - [MainThread] - __init__:82 - J.A.R.V.I.S. system initialized
2025-10-05 04:49:46,824 - JARVIS - INFO - [MainThread] - __init__:82 - J.A.R.V.I.S. system initialized
2025-10-05 04:49:46,824 - JARVIS - INFO - [MainThread] - __init__:82 - J.A.R.V.I.S. system initialized
2025-10-05 04:49:46,824 - JARVIS - INFO - [MainThread] - __init__:82 - J.A.R.V.I.S. system initialized
2025-10-05 04:49:46,824 - JARVIS - INFO - [MainThread] - __init__:82 - J.A.R.V.I.S. system initialized
2025-10-05 04:49:46,824 - JARVIS - INFO - [MainThread] - __init__:82 - J.A.R.V.I.S. system initialized
2025-10-05 04:49:46,826 - JARVIS.FileManager - INFO - [MainThread] - create_file:125 - Created file: C:\Users\ANISH\AppData\Local\Temp\tmpyuw9_jm1\test_dir\test.txt (12 bytes)
2025-10-05 04:49:46,826 - JARVIS.FileManager - INFO - [MainThread] - create_file:125 - Created file: C:\Users\ANISH\AppData\Local\Temp\tmpyuw9_jm1\test_dir\test.txt (12 bytes)
2025-10-05 04:49:46,826 - JARVIS.FileManager - INFO - [MainThread] - create_file:125 - Created file: C:\Users\ANISH\AppData\Local\Temp\tmpyuw9_jm1\test_dir\test.txt (12 bytes)
2025-10-05 04:49:46,826 - JARVIS.FileManager - INFO - [MainThread] - create_file:125 - Created file: C:\Users\ANISH\AppData\Local\Temp\tmpyuw9_jm1\test_dir\test.txt (12 bytes)
2025-10-05 04:49:46,826 - JARVIS.FileManager - INFO - [MainThread] - create_file:125 - Created file: C:\Users\ANISH\AppData\Local\Temp\tmpyuw9_jm1\test_dir\test.txt (12 bytes)
2025-10-05 04:49:46,842 - JARVIS - INFO - [MainThread] - __init__:82 - J.A.R.V.I.S. system initialized
2025-10-05 04:49:46,842 - JARVIS - INFO - [MainThread] - __init__:82 - J.A.R.V.I.S. system initialized
2025-10-05 04:49:46,842 - JARVIS - INFO - [MainThread] - __init__:82 - J.A.R.V.I.S. system initialized
2025-10-05 04:49:46,842 - JARVIS - INFO - [MainThread] - __init__:82 - J.A.R.V.I.S. system initialized
2025-10-05 04:49:46,842 - JARVIS - INFO - [MainThread] - __init__:82 - J.A.R.V.I.S. system initialized
2025-10-05 04:49:46,842 - JARVIS - INFO - [MainThread] - __init__:82 - J.A.R.V.I.S. system initialized
2025-10-05 04:49:46,845 - JARVIS.SystemMonitor - INFO - [SystemMonitor] - _monitor_loop:108 - System monitoring loop started
2025-10-05 04:49:46,845 - JARVIS.SystemMonitor - INFO - [MainThread] - start_monitoring:94 - System monitoring started
2025-10-05 04:49:46,845 - JARVIS.SystemMonitor - INFO - [SystemMonitor] - _monitor_loop:108 - System monitoring loop started
2025-10-05 04:49:46,845 - JARVIS.SystemMonitor - INFO - [MainThread] - start_monitoring:94 - System monitoring started
2025-10-05 04:49:46,845 - JARVIS.SystemMonitor - INFO - [SystemMonitor] - _monitor_loop:108 - System monitoring loop started
2025-10-05 04:49:46,845 - JARVIS.SystemMonitor - INFO - [MainThread] - start_monitoring:94 - System monitoring started
2025-10-05 04:49:46,845 - JARVIS.SystemMonitor - INFO - [SystemMonitor] - _monitor_loop:108 - System monitoring loop started
2025-10-05 04:49:46,845 - JARVIS.SystemMonitor - INFO - [SystemMonitor] - _monitor_loop:108 - System monitoring loop started
2025-10-05 04:49:46,845 - JARVIS.SystemMonitor - INFO - [MainThread] - start_monitoring:94 - System monitoring started
2025-10-05 04:49:46,845 - JARVIS.SystemMonitor - INFO - [SystemMonitor] - _monitor_loop:108 - System monitoring loop started
2025-10-05 04:49:46,845 - JARVIS.SystemMonitor - INFO - [MainThread] - start_monitoring:94 - System monitoring started
2025-10-05 04:49:46,845 - JARVIS.SystemMonitor - INFO - [MainThread] - start_monitoring:94 - System monitoring started
2025-10-05 04:49:49,082 - JARVIS - INFO - [MainThread] - __init__:82 - J.A.R.V.I.S. system initialized
2025-10-05 04:49:49,082 - JARVIS - INFO - [MainThread] - __init__:82 - J.A.R.V.I.S. system initialized
2025-10-05 04:49:49,082 - JARVIS - INFO - [MainThread] - __init__:82 - J.A.R.V.I.S. system initialized
2025-10-05 04:49:49,082 - JARVIS - INFO - [MainThread] - __init__:82 - J.A.R.V.I.S. system initialized
2025-10-05 04:49:49,082 - JARVIS - INFO - [MainThread] - __init__:82 - J.A.R.V.I.S. system initialized
2025-10-05 04:49:49,082 - JARVIS - INFO - [MainThread] - __init__:82 - J.A.R.V.I.S. system initialized
2025-10-05 04:49:51,141 - JARVIS - INFO - [MainThread] - __init__:82 - J.A.R.V.I.S. system initialized
2025-10-05 04:49:51,141 - JARVIS - INFO - [MainThread] - __init__:82 - J.A.R.V.I.S. system initialized
2025-10-05 04:49:51,141 - JARVIS - INFO - [MainThread] - __init__:82 - J.A.R.V.I.S. system initialized
2025-10-05 04:49:51,141 - JARVIS - INFO - [MainThread] - __init__:82 - J.A.R.V.I.S. system initialized
2025-10-05 04:49:51,141 - JARVIS - INFO - [MainThread] - __init__:82 - J.A.R.V.I.S. system initialized
2025-10-05 04:49:51,141 - JARVIS - INFO - [MainThread] - __init__:82 - J.A.R.V.I.S. system initialized
2025-10-05 04:49:51,153 - JARVIS - INFO - [MainThread] - __init__:82 - J.A.R.V.I.S. system initialized
2025-10-05 04:49:51,153 - JARVIS - INFO - [MainThread] - __init__:82 - J.A.R.V.I.S. system initialized
2025-10-05 04:49:51,153 - JARVIS - INFO - [MainThread] - __init__:82 - J.A.R.V.I.S. system initialized
2025-10-05 04:49:51,153 - JARVIS - INFO - [MainThread] - __init__:82 - J.A.R.V.I.S. system initialized
2025-10-05 04:49:51,153 - JARVIS - INFO - [MainThread] - __init__:82 - J.A.R.V.I.S. system initialized
2025-10-05 04:49:51,153 - JARVIS - INFO - [MainThread] - __init__:82 - J.A.R.V.I.S. system initialized
2025-10-05 04:49:51,162 - JARVIS - INFO - [MainThread] - __init__:82 - J.A.R.V.I.S. system initialized
2025-10-05 04:49:51,162 - JARVIS - INFO - [MainThread] - __init__:82 - J.A.R.V.I.S. system initialized
2025-10-05 04:49:51,162 - JARVIS - INFO - [MainThread] - __init__:82 - J.A.R.V.I.S. system initialized
2025-10-05 04:49:51,162 - JARVIS - INFO - [MainThread] - __init__:82 - J.A.R.V.I.S. system initialized
2025-10-05 04:49:51,162 - JARVIS - INFO - [MainThread] - __init__:82 - J.A.R.V.I.S. system initialized
2025-10-05 04:49:51,162 - JARVIS - INFO - [MainThread] - __init__:82 - J.A.R.V.I.S. system initialized
2025-10-05 04:49:51,172 - JARVIS - INFO - [MainThread] - __init__:82 - J.A.R.V.I.S. system initialized
2025-10-05 04:49:51,172 - JARVIS - INFO - [MainThread] - __init__:82 - J.A.R.V.I.S. system initialized
2025-10-05 04:49:51,172 - JARVIS - INFO - [MainThread] - __init__:82 - J.A.R.V.I.S. system initialized
2025-10-05 04:49:51,172 - JARVIS - INFO - [MainThread] - __init__:82 - J.A.R.V.I.S. system initialized
2025-10-05 04:49:51,172 - JARVIS - INFO - [MainThread] - __init__:82 - J.A.R.V.I.S. system initialized
2025-10-05 04:49:51,172 - JARVIS - INFO - [MainThread] - __init__:82 - J.A.R.V.I.S. system initialized
2025-10-05 04:49:51,184 - JARVIS - INFO - [MainThread] - __init__:82 - J.A.R.V.I.S. system initialized
2025-10-05 04:49:51,184 - JARVIS - INFO - [MainThread] - __init__:82 - J.A.R.V.I.S. system initialized
2025-10-05 04:49:51,184 - JARVIS - INFO - [MainThread] - __init__:82 - J.A.R.V.I.S. system initialized
2025-10-05 04:49:51,184 - JARVIS - INFO - [MainThread] - __init__:82 - J.A.R.V.I.S. system initialized
2025-10-05 04:49:51,184 - JARVIS - INFO - [MainThread] - __init__:82 - J.A.R.V.I.S. system initialized
2025-10-05 04:49:51,184 - JARVIS - INFO - [MainThread] - __init__:82 - J.A.R.V.I.S. system initialized
2025-10-05 04:49:51,194 - JARVIS - INFO - [MainThread] - __init__:82 - J.A.R.V.I.S. system initialized
2025-10-05 04:49:51,194 - JARVIS - INFO - [MainThread] - __init__:82 - J.A.R.V.I.S. system initialized
2025-10-05 04:49:51,194 - JARVIS - INFO - [MainThread] - __init__:82 - J.A.R.V.I.S. system initialized
2025-10-05 04:49:51,194 - JARVIS - INFO - [MainThread] - __init__:82 - J.A.R.V.I.S. system initialized
2025-10-05 04:49:51,194 - JARVIS - INFO - [MainThread] - __init__:82 - J.A.R.V.I.S. system initialized
2025-10-05 04:49:51,194 - JARVIS - INFO - [MainThread] - __init__:82 - J.A.R.V.I.S. system initialized
2025-10-05 04:49:51,202 - JARVIS - INFO - [MainThread] - __init__:82 - J.A.R.V.I.S. system initialized
2025-10-05 04:49:51,202 - JARVIS - INFO - [MainThread] - __init__:82 - J.A.R.V.I.S. system initialized
2025-10-05 04:49:51,202 - JARVIS - INFO - [MainThread] - __init__:82 - J.A.R.V.I.S. system initialized
2025-10-05 04:49:51,202 - JARVIS - INFO - [MainThread] - __init__:82 - J.A.R.V.I.S. system initialized
2025-10-05 04:49:51,202 - JARVIS - INFO - [MainThread] - __init__:82 - J.A.R.V.I.S. system initialized
2025-10-05 04:49:51,202 - JARVIS - INFO - [MainThread] - __init__:82 - J.A.R.V.I.S. system initialized
2025-10-05 04:49:51,344 - JARVIS - INFO - [MainThread] - __init__:82 - J.A.R.V.I.S. system initialized
2025-10-05 04:49:51,344 - JARVIS - INFO - [MainThread] - __init__:82 - J.A.R.V.I.S. system initialized
2025-10-05 04:49:51,344 - JARVIS - INFO - [MainThread] - __init__:82 - J.A.R.V.I.S. system initialized
2025-10-05 04:49:51,344 - JARVIS - INFO - [MainThread] - __init__:82 - J.A.R.V.I.S. system initialized
2025-10-05 04:49:51,344 - JARVIS - INFO - [MainThread] - __init__:82 - J.A.R.V.I.S. system initialized
2025-10-05 04:49:51,344 - JARVIS - INFO - [MainThread] - __init__:82 - J.A.R.V.I.S. system initialized
2025-10-05 04:49:53,201 - JARVIS.SystemMonitor - WARNING - [SystemMonitor] - _trigger_alert:453 - Alert triggered: high_memory_usage - {'metric': 'memory', 'value': 95.8, 'threshold': 85, 'unit': 'percent'}
2025-10-05 04:49:53,201 - JARVIS.SystemMonitor - WARNING - [SystemMonitor] - _trigger_alert:453 - Alert triggered: high_memory_usage - {'metric': 'memory', 'value': 95.8, 'threshold': 85, 'unit': 'percent'}
2025-10-05 04:49:53,201 - JARVIS.SystemMonitor - WARNING - [SystemMonitor] - _trigger_alert:453 - Alert triggered: high_memory_usage - {'metric': 'memory', 'value': 95.8, 'threshold': 85, 'unit': 'percent'}
2025-10-05 04:49:53,201 - JARVIS.SystemMonitor - WARNING - [SystemMonitor] - _trigger_alert:453 - Alert triggered: high_memory_usage - {'metric': 'memory', 'value': 95.8, 'threshold': 85, 'unit': 'percent'}
2025-10-05 04:49:53,201 - JARVIS.SystemMonitor - WARNING - [SystemMonitor] - _trigger_alert:453 - Alert triggered: high_memory_usage - {'metric': 'memory', 'value': 95.8, 'threshold': 85, 'unit': 'percent'}
2025-10-05 04:49:53,201 - JARVIS.SystemMonitor - WARNING - [SystemMonitor] - _trigger_alert:453 - Alert triggered: high_memory_usage - {'metric': 'memory', 'value': 95.8, 'threshold': 85, 'unit': 'percent'}
