2025-10-04 12:47:29,110 - JARVIS - INFO - [MainThread] - __init__:82 - J.A.R.V.I.S. system initialized
2025-10-04 12:47:29,112 - JARVIS - INFO - [MainThread] - initialize_modules:166 - Initializing system modules...
2025-10-04 12:47:29,113 - JARVIS.VoiceInterface - INFO - [MainThread] - initialize:93 - Initializing voice interface...
2025-10-04 12:47:29,341 - JARVIS.VoiceInterface - INFO - [MainThread] - _initialize_tts:134 - TTS engine initialized
2025-10-04 12:47:29,723 - JARVIS.VoiceInterface - INFO - [MainThread] - _initialize_stt:155 - Adjusting for ambient noise...
2025-10-04 12:47:29,724 - JARVIS.VoiceInterface - ERROR - [MainThread] - _initialize_stt:162 - Error initializing STT: 'NoneType' object has no attribute 'close'
2025-10-04 12:47:29,725 - JARVIS.VoiceInterface - INFO - [MainThread] - _initialize_stt:163 - STT will be unavailable
2025-10-04 12:47:29,726 - JARVIS.VoiceInterface - INFO - [MainThread] - initialize:104 - Voice interface initialized successfully
2025-10-04 12:47:29,728 - JARVIS.SystemMonitor - INFO - [SystemMonitor] - _monitor_loop:108 - System monitoring loop started
2025-10-04 12:47:29,728 - JARVIS.SystemMonitor - INFO - [MainThread] - start_monitoring:94 - System monitoring started
2025-10-04 12:47:29,729 - JARVIS.ApplicationController - INFO - [MainThread] - initialize:59 - Initializing application controller...
2025-10-04 12:47:29,731 - JARVIS.ApplicationController - INFO - [MainThread] - start_monitoring:505 - Application monitoring started
2025-10-04 12:47:33,625 - JARVIS.SystemMonitor - WARNING - [SystemMonitor] - _trigger_alert:453 - Alert triggered: high_memory_usage - {'metric': 'memory', 'value': 90.6, 'threshold': 85, 'unit': 'percent'}
2025-10-04 12:47:34,048 - JARVIS.ApplicationController - INFO - [MainThread] - _scan_running_applications:130 - Scanned 260 running applications
2025-10-04 12:47:34,049 - JARVIS.ApplicationController - INFO - [MainThread] - initialize:67 - Application controller initialized
2025-10-04 12:47:34,050 - JARVIS.FileManager - INFO - [MainThread] - initialize:72 - Initializing file manager...
2025-10-04 12:47:34,052 - JARVIS.FileManager - INFO - [MainThread] - initialize:77 - File manager initialized
2025-10-04 12:47:34,053 - JARVIS.NetworkManager - INFO - [MainThread] - initialize:63 - Initializing network manager...
2025-10-04 12:47:34,128 - JARVIS.NetworkManager - INFO - [MainThread] - _scan_network_interfaces:113 - Found 7 network interfaces
2025-10-04 12:47:34,269 - JARVIS.NetworkManager - INFO - [MainThread] - _set_default_interface:145 - Default interface set to: 192.168.2.8
2025-10-04 12:47:34,271 - JARVIS.NetworkManager - INFO - [NetworkMonitor] - _monitor_loop:173 - Network monitoring loop started
2025-10-04 12:47:34,271 - JARVIS.NetworkManager - INFO - [MainThread] - start_monitoring:160 - Network monitoring started
2025-10-04 12:47:34,300 - JARVIS.NetworkManager - INFO - [MainThread] - initialize:74 - Network manager initialized
2025-10-04 12:47:34,330 - JARVIS.SecurityManager - INFO - [MainThread] - initialize:66 - Initializing security manager...
2025-10-04 12:47:34,331 - JARVIS.SecurityManager - INFO - [MainThread] - _initialize_encryption:126 - Using existing master encryption key
2025-10-04 12:47:34,333 - JARVIS.SecurityManager - INFO - [MainThread] - initialize:77 - Security manager initialized
2025-10-04 12:47:34,334 - JARVIS.PluginManager - INFO - [MainThread] - load_plugins:101 - Loading plugins...
2025-10-04 12:47:34,780 - JARVIS.SystemMonitor - WARNING - [SystemMonitor] - _trigger_alert:453 - Alert triggered: high_memory_usage - {'metric': 'memory', 'value': 91.0, 'threshold': 85, 'unit': 'percent'}
2025-10-04 12:47:36,580 - JARVIS.SystemMonitor - WARNING - [SystemMonitor] - _trigger_alert:453 - Alert triggered: high_memory_usage - {'metric': 'memory', 'value': 91.0, 'threshold': 85, 'unit': 'percent'}
2025-10-04 12:47:36,878 - JARVIS.PluginManager - INFO - [MainThread] - load_plugins:110 - Loaded 6 plugins
2025-10-04 12:47:36,879 - JARVIS - INFO - [MainThread] - _initialize_advanced_components:209 - Initializing advanced AI components...
2025-10-04 12:47:36,884 - JARVIS.SelfDevelopment - INFO - [MainThread] - initialize:173 - Initializing self-development engine...
2025-10-04 12:47:36,889 - JARVIS.WebSearcher - INFO - [MainThread] - initialize:95 - Initializing web searcher...
2025-10-04 12:47:36,890 - JARVIS.WebSearcher - INFO - [MainThread] - initialize:100 - Web searcher initialized
2025-10-04 12:47:36,891 - JARVIS.InfoCollector - INFO - [MainThread] - initialize:340 - Initializing info collector...
2025-10-04 12:47:37,285 - JARVIS.InfoCollector - INFO - [MainThread] - initialize:352 - Info collector initialized
2025-10-04 12:47:37,285 - JARVIS.ReasoningEngine - INFO - [MainThread] - initialize:82 - Initializing reasoning engine...
2025-10-04 12:47:37,286 - JARVIS.ReasoningEngine - INFO - [MainThread] - initialize:90 - Reasoning engine initialized
2025-10-04 12:47:37,288 - JARVIS.CodeGenerator - INFO - [MainThread] - initialize:50 - Initializing code generator...
2025-10-04 12:47:37,289 - JARVIS.CodeGenerator - INFO - [MainThread] - initialize:55 - Code generator initialized
2025-10-04 12:47:37,290 - JARVIS.Tester - INFO - [MainThread] - initialize:399 - Initializing comprehensive testing system...
2025-10-04 12:47:37,290 - JARVIS.Tester - INFO - [MainThread] - test_code:413 - Starting comprehensive testing for basic
2025-10-04 12:47:37,298 - JARVIS.Tester - ERROR - [MainThread] - test_code:476 - Error in comprehensive testing: 'security_issue'
2025-10-04 12:47:37,299 - JARVIS.Updater - INFO - [MainThread] - initialize:64 - Initializing update manager...
2025-10-04 12:47:37,300 - JARVIS.Updater - INFO - [MainThread] - initialize:76 - Update manager initialized
2025-10-04 12:47:37,301 - JARVIS.Evolver - INFO - [MainThread] - initialize:318 - Initializing genetic algorithm evolver...
2025-10-04 12:47:37,361 - JARVIS.Validator - INFO - [MainThread] - initialize:615 - Initializing advanced validator...
2025-10-04 12:47:37,383 - JARVIS.AdvancedResearch - INFO - [MainThread] - initialize:92 - Initializing advanced research engine...
2025-10-04 12:47:37,683 - JARVIS.SystemMonitor - WARNING - [SystemMonitor] - _trigger_alert:453 - Alert triggered: high_memory_usage - {'metric': 'memory', 'value': 91.1, 'threshold': 85, 'unit': 'percent'}
2025-10-04 12:47:38,682 - JARVIS.AdvancedResearch - INFO - [MainThread] - initialize:102 - Credibility assessment model loaded
2025-10-04 12:47:38,683 - JARVIS.AdvancedResearch - INFO - [MainThread] - initialize:109 - Advanced research engine initialized
2025-10-04 12:47:38,684 - JARVIS.KnowledgeSynthesizer - INFO - [MainThread] - initialize:73 - Initializing knowledge synthesizer...
2025-10-04 12:47:38,799 - JARVIS.SystemMonitor - WARNING - [SystemMonitor] - _trigger_alert:453 - Alert triggered: high_memory_usage - {'metric': 'memory', 'value': 91.1, 'threshold': 85, 'unit': 'percent'}
2025-10-04 12:47:39,917 - JARVIS.SystemMonitor - WARNING - [SystemMonitor] - _trigger_alert:453 - Alert triggered: high_memory_usage - {'metric': 'memory', 'value': 91.6, 'threshold': 85, 'unit': 'percent'}
2025-10-04 12:47:44,251 - JARVIS.SystemMonitor - WARNING - [SystemMonitor] - _trigger_alert:453 - Alert triggered: high_memory_usage - {'metric': 'memory', 'value': 91.6, 'threshold': 85, 'unit': 'percent'}
2025-10-04 12:47:45,368 - JARVIS.SystemMonitor - WARNING - [SystemMonitor] - _trigger_alert:453 - Alert triggered: high_memory_usage - {'metric': 'memory', 'value': 91.6, 'threshold': 85, 'unit': 'percent'}
2025-10-04 12:47:47,104 - JARVIS.SystemMonitor - WARNING - [SystemMonitor] - _trigger_alert:453 - Alert triggered: high_memory_usage - {'metric': 'memory', 'value': 91.6, 'threshold': 85, 'unit': 'percent'}
2025-10-04 12:47:48,209 - JARVIS.SystemMonitor - WARNING - [SystemMonitor] - _trigger_alert:453 - Alert triggered: high_memory_usage - {'metric': 'memory', 'value': 92.0, 'threshold': 85, 'unit': 'percent'}
2025-10-04 12:47:49,329 - JARVIS.SystemMonitor - WARNING - [SystemMonitor] - _trigger_alert:453 - Alert triggered: high_memory_usage - {'metric': 'memory', 'value': 92.0, 'threshold': 85, 'unit': 'percent'}
2025-10-04 12:47:50,453 - JARVIS.SystemMonitor - WARNING - [SystemMonitor] - _trigger_alert:453 - Alert triggered: high_memory_usage - {'metric': 'memory', 'value': 91.9, 'threshold': 85, 'unit': 'percent'}
2025-10-04 12:47:50,687 - JARVIS.KnowledgeSynthesizer - INFO - [MainThread] - initialize:87 - ML models loaded successfully
2025-10-04 12:47:50,691 - JARVIS.KnowledgeSynthesizer - INFO - [MainThread] - initialize:95 - Knowledge graph initialized
2025-10-04 12:47:50,692 - JARVIS.KnowledgeSynthesizer - INFO - [MainThread] - initialize:97 - Knowledge synthesizer initialized
2025-10-04 12:47:50,693 - JARVIS.InnovationEngine - INFO - [MainThread] - initialize:83 - Initializing innovation engine...
2025-10-04 12:47:53,448 - JARVIS.SystemMonitor - WARNING - [SystemMonitor] - _trigger_alert:453 - Alert triggered: high_memory_usage - {'metric': 'memory', 'value': 91.9, 'threshold': 85, 'unit': 'percent'}
2025-10-04 12:47:54,565 - JARVIS.SystemMonitor - WARNING - [SystemMonitor] - _trigger_alert:453 - Alert triggered: high_memory_usage - {'metric': 'memory', 'value': 92.1, 'threshold': 85, 'unit': 'percent'}
2025-10-04 12:47:55,008 - JARVIS.InnovationEngine - INFO - [MainThread] - initialize:98 - Innovation models loaded successfully
2025-10-04 12:47:55,009 - JARVIS.InnovationEngine - INFO - [MainThread] - _initialize_solutions_database:120 - Initializing SentenceTransformer for solutions...
2025-10-04 12:47:55,667 - JARVIS.SystemMonitor - WARNING - [SystemMonitor] - _trigger_alert:453 - Alert triggered: high_memory_usage - {'metric': 'memory', 'value': 92.1, 'threshold': 85, 'unit': 'percent'}
2025-10-04 12:47:57,754 - JARVIS.SystemMonitor - WARNING - [SystemMonitor] - _trigger_alert:453 - Alert triggered: high_memory_usage - {'metric': 'memory', 'value': 92.2, 'threshold': 85, 'unit': 'percent'}
2025-10-04 12:47:58,872 - JARVIS.SystemMonitor - WARNING - [SystemMonitor] - _trigger_alert:453 - Alert triggered: high_memory_usage - {'metric': 'memory', 'value': 92.3, 'threshold': 85, 'unit': 'percent'}
2025-10-04 12:47:59,896 - JARVIS.InnovationEngine - INFO - [MainThread] - _initialize_solutions_database:122 - Solutions embedding model initialized
2025-10-04 12:47:59,976 - JARVIS.SystemMonitor - WARNING - [SystemMonitor] - _trigger_alert:453 - Alert triggered: high_memory_usage - {'metric': 'memory', 'value': 92.3, 'threshold': 85, 'unit': 'percent'}
2025-10-04 12:48:00,249 - JARVIS.InnovationEngine - INFO - [MainThread] - _initialize_solutions_database:137 - Solutions database initialized
2025-10-04 12:48:00,282 - JARVIS.InnovationEngine - INFO - [MainThread] - _seed_solutions_database:156 - Solutions database already contains 8 solutions
2025-10-04 12:48:00,283 - JARVIS.InnovationEngine - INFO - [MainThread] - initialize:109 - Innovation engine initialized
2025-10-04 12:48:00,284 - JARVIS.CodeOptimizer - INFO - [MainThread] - initialize:62 - Initializing code optimizer...
2025-10-04 12:48:00,285 - JARVIS.CodeOptimizer - INFO - [MainThread] - initialize:67 - Code optimizer initialized
2025-10-04 12:48:00,291 - JARVIS.SecurityValidator - INFO - [MainThread] - initialize:56 - Initializing security validator...
2025-10-04 12:48:00,292 - JARVIS.SecurityValidator - WARNING - [MainThread] - _validate_security_rules:558 - Security rule dangerous_imports missing field: type
2025-10-04 12:48:00,294 - JARVIS.SecurityValidator - WARNING - [MainThread] - _validate_security_rules:558 - Security rule dangerous_imports missing field: severity
2025-10-04 12:48:00,295 - JARVIS.SecurityValidator - WARNING - [MainThread] - _validate_security_rules:558 - Security rule dangerous_imports missing field: description
2025-10-04 12:48:00,297 - JARVIS.SecurityValidator - INFO - [MainThread] - initialize:61 - Security validator initialized
2025-10-04 12:48:00,298 - JARVIS.PerformanceAnalyzer - INFO - [MainThread] - initialize:62 - Initializing performance analyzer...
2025-10-04 12:48:00,307 - JARVIS.PerformanceAnalyzer - INFO - [MainThread] - initialize:68 - Performance analyzer initialized
2025-10-04 12:48:00,309 - JARVIS.IntegrationTester - INFO - [MainThread] - initialize:56 - Initializing integration tester...
2025-10-04 12:48:00,311 - JARVIS.IntegrationTester - INFO - [MainThread] - _load_system_components:1108 - Loading JARVIS system components for integration testing...
2025-10-04 12:48:00,313 - JARVIS.IntegrationTester - INFO - [MainThread] - _load_system_components:1145 - Loaded 8 system components for testing
2025-10-04 12:48:00,315 - JARVIS.IntegrationTester - INFO - [MainThread] - _setup_test_environment:1154 - Setting up integration test environment...
2025-10-04 12:48:00,331 - JARVIS.IntegrationTester - INFO - [MainThread] - _setup_test_environment:1204 - Integration test environment setup complete
2025-10-04 12:48:00,335 - JARVIS.IntegrationTester - INFO - [MainThread] - initialize:64 - Integration tester initialized
2025-10-04 12:48:00,340 - JARVIS.DeploymentOrchestrator - INFO - [MainThread] - initialize:66 - Initializing deployment orchestrator...
2025-10-04 12:48:00,355 - JARVIS.DeploymentOrchestrator - INFO - [MainThread] - initialize:74 - Deployment orchestrator initialized
2025-10-04 12:48:00,358 - JARVIS.SelfDevelopment - INFO - [MainThread] - initialize:202 - Self-development engine initialized
2025-10-04 12:48:00,360 - JARVIS.ApplicationHealer - INFO - [MainThread] - initialize:96 - Initializing application healer...
2025-10-04 12:48:00,361 - JARVIS.ErrorDetector - INFO - [MainThread] - initialize:21 - Error Detector initialized
2025-10-04 12:48:00,367 - JARVIS.Debugger - INFO - [MainThread] - initialize:489 - Initializing advanced debugger system...
2025-10-04 12:48:00,370 - JARVIS.Debugger - INFO - [MainThread] - debug_error:511 - Starting comprehensive error analysis: debug_1759562280_5303
2025-10-04 12:48:00,372 - JARVIS.Debugger - INFO - [MainThread] - debug_error:618 - Error analysis completed in 0.00s with 0.0% confidence
2025-10-04 12:48:00,451 - JARVIS.FixGenerator - INFO - [MainThread] - initialize:372 - Initializing advanced fix generator...
2025-10-04 12:48:00,453 - JARVIS.FixGenerator - INFO - [MainThread] - generate_fix:392 - Generating fix for error: test_error
2025-10-04 12:48:00,455 - JARVIS.FixGenerator - INFO - [MainThread] - generate_fix:439 - Fix generated in 0.00s with 0.7% confidence
2025-10-04 12:48:00,522 - JARVIS.PatchApplier - INFO - [MainThread] - initialize:419 - Initializing advanced patch applier...
2025-10-04 12:48:00,588 - JARVIS.RecoveryManager - INFO - [MainThread] - initialize:671 - Initializing advanced recovery manager...
2025-10-04 12:48:00,639 - JARVIS.Optimizer - INFO - [MainThread] - initialize:509 - Initializing advanced system optimizer...
2025-10-04 12:48:00,683 - JARVIS.HealthReporter - INFO - [MainThread] - initialize:371 - Initializing advanced health reporter...
2025-10-04 12:48:00,684 - JARVIS.HealthReporter - ERROR - [MainThread] - initialize:385 - Error initializing health reporter: name 'asyncio' is not defined
2025-10-04 12:48:00,685 - JARVIS.ApplicationHealer - ERROR - [MainThread] - initialize:130 - Error initializing application healer: name 'asyncio' is not defined
2025-10-04 12:48:00,686 - JARVIS - ERROR - [MainThread] - _initialize_advanced_components:234 - Error initializing advanced components: name 'asyncio' is not defined
2025-10-04 12:48:00,687 - JARVIS - INFO - [MainThread] - initialize_modules:200 - All modules initialized successfully
2025-10-04 12:48:00,689 - JARVIS.Updater - INFO - [MainThread] - check_for_updates:93 - Checking for updates...
2025-10-04 12:48:00,746 - JARVIS.Updater - ERROR - [MainThread] - _fetch_version_info:336 - HTTP error fetching version info: HTTPSConnectionPool(host='api.jarvis.ai', port=443): Max retries exceeded with url: /updates/version.json (Caused by NameResolutionError("<urllib3.connection.HTTPSConnection object at 0x0000023D1EAEA0D0>: Failed to resolve 'api.jarvis.ai' ([Errno 11001] getaddrinfo failed)"))
2025-10-04 12:48:00,748 - JARVIS.SelfDevelopment - INFO - [MainThread] - _process_tasks:254 - Self-development task processing started
2025-10-04 12:48:01,102 - JARVIS.SystemMonitor - WARNING - [SystemMonitor] - _trigger_alert:453 - Alert triggered: high_memory_usage - {'metric': 'memory', 'value': 92.1, 'threshold': 85, 'unit': 'percent'}
