2025-10-04 12:45:49,595 - JARVIS - INFO - [MainThread] - __init__:82 - J.A.R.V.I.S. system initialized
2025-10-04 12:45:49,598 - JARVIS - INFO - [MainThread] - initialize_modules:166 - Initializing system modules...
2025-10-04 12:45:49,599 - JARVIS.VoiceInterface - INFO - [MainThread] - initialize:93 - Initializing voice interface...
2025-10-04 12:45:50,351 - JARVIS.VoiceInterface - INFO - [MainThread] - _initialize_tts:134 - TTS engine initialized
2025-10-04 12:45:50,842 - JARVIS.VoiceInterface - INFO - [MainThread] - _initialize_stt:155 - Adjusting for ambient noise...
2025-10-04 12:45:50,843 - JARVIS.VoiceInterface - ERROR - [MainThread] - _initialize_stt:162 - Error initializing STT: 'NoneType' object has no attribute 'close'
2025-10-04 12:45:50,844 - JARVIS.VoiceInterface - INFO - [MainThread] - _initialize_stt:163 - STT will be unavailable
2025-10-04 12:45:50,845 - JARVIS.VoiceInterface - INFO - [MainThread] - initialize:104 - Voice interface initialized successfully
2025-10-04 12:45:50,847 - JARVIS.SystemMonitor - INFO - [SystemMonitor] - _monitor_loop:108 - System monitoring loop started
2025-10-04 12:45:50,847 - JARVIS.SystemMonitor - INFO - [MainThread] - start_monitoring:94 - System monitoring started
2025-10-04 12:45:50,848 - JARVIS.ApplicationController - INFO - [MainThread] - initialize:59 - Initializing application controller...
2025-10-04 12:45:50,850 - JARVIS.ApplicationController - INFO - [MainThread] - start_monitoring:505 - Application monitoring started
2025-10-04 12:45:57,339 - JARVIS.ApplicationController - ERROR - [AppMonitor] - _monitor_loop:530 - Error in application monitoring: dictionary changed size during iteration
2025-10-04 12:45:57,645 - JARVIS.ApplicationController - INFO - [MainThread] - _scan_running_applications:130 - Scanned 258 running applications
2025-10-04 12:45:57,646 - JARVIS.ApplicationController - INFO - [MainThread] - initialize:67 - Application controller initialized
2025-10-04 12:45:57,647 - JARVIS.FileManager - INFO - [MainThread] - initialize:72 - Initializing file manager...
2025-10-04 12:45:57,649 - JARVIS.FileManager - INFO - [MainThread] - initialize:77 - File manager initialized
2025-10-04 12:45:57,650 - JARVIS.NetworkManager - INFO - [MainThread] - initialize:63 - Initializing network manager...
2025-10-04 12:45:57,727 - JARVIS.NetworkManager - INFO - [MainThread] - _scan_network_interfaces:113 - Found 7 network interfaces
2025-10-04 12:45:57,876 - JARVIS.NetworkManager - INFO - [MainThread] - _set_default_interface:145 - Default interface set to: 192.168.2.8
2025-10-04 12:45:57,878 - JARVIS.NetworkManager - INFO - [NetworkMonitor] - _monitor_loop:173 - Network monitoring loop started
2025-10-04 12:45:57,878 - JARVIS.NetworkManager - INFO - [MainThread] - start_monitoring:160 - Network monitoring started
2025-10-04 12:45:57,927 - JARVIS.NetworkManager - INFO - [MainThread] - initialize:74 - Network manager initialized
2025-10-04 12:45:57,936 - JARVIS.SecurityManager - INFO - [MainThread] - initialize:66 - Initializing security manager...
2025-10-04 12:45:57,937 - JARVIS.SecurityManager - INFO - [MainThread] - _initialize_encryption:126 - Using existing master encryption key
2025-10-04 12:45:57,939 - JARVIS.SecurityManager - INFO - [MainThread] - initialize:77 - Security manager initialized
2025-10-04 12:45:57,940 - JARVIS.PluginManager - INFO - [MainThread] - load_plugins:101 - Loading plugins...
2025-10-04 12:45:58,188 - JARVIS.PluginManager - INFO - [MainThread] - load_plugins:110 - Loaded 6 plugins
2025-10-04 12:45:58,189 - JARVIS - INFO - [MainThread] - _initialize_advanced_components:209 - Initializing advanced AI components...
2025-10-04 12:45:58,193 - JARVIS.SelfDevelopment - INFO - [MainThread] - initialize:173 - Initializing self-development engine...
2025-10-04 12:45:58,194 - JARVIS.WebSearcher - INFO - [MainThread] - initialize:95 - Initializing web searcher...
2025-10-04 12:45:58,194 - JARVIS.WebSearcher - INFO - [MainThread] - initialize:100 - Web searcher initialized
2025-10-04 12:45:58,195 - JARVIS.InfoCollector - INFO - [MainThread] - initialize:340 - Initializing info collector...
2025-10-04 12:45:59,205 - JARVIS.InfoCollector - INFO - [MainThread] - initialize:352 - Info collector initialized
2025-10-04 12:45:59,207 - JARVIS.ReasoningEngine - INFO - [MainThread] - initialize:82 - Initializing reasoning engine...
2025-10-04 12:45:59,208 - JARVIS.ReasoningEngine - INFO - [MainThread] - initialize:90 - Reasoning engine initialized
2025-10-04 12:45:59,209 - JARVIS.CodeGenerator - INFO - [MainThread] - initialize:50 - Initializing code generator...
2025-10-04 12:45:59,209 - JARVIS.CodeGenerator - INFO - [MainThread] - initialize:55 - Code generator initialized
2025-10-04 12:45:59,210 - JARVIS.Tester - INFO - [MainThread] - initialize:399 - Initializing comprehensive testing system...
2025-10-04 12:45:59,211 - JARVIS.Tester - INFO - [MainThread] - test_code:413 - Starting comprehensive testing for basic
2025-10-04 12:45:59,215 - JARVIS.Tester - ERROR - [MainThread] - test_code:476 - Error in comprehensive testing: 'security_issue'
2025-10-04 12:45:59,221 - JARVIS.Updater - INFO - [MainThread] - initialize:64 - Initializing update manager...
2025-10-04 12:45:59,223 - JARVIS.Updater - INFO - [MainThread] - initialize:76 - Update manager initialized
2025-10-04 12:45:59,224 - JARVIS.Evolver - INFO - [MainThread] - initialize:318 - Initializing genetic algorithm evolver...
2025-10-04 12:45:59,292 - JARVIS.Validator - INFO - [MainThread] - initialize:615 - Initializing advanced validator...
2025-10-04 12:45:59,321 - JARVIS.AdvancedResearch - INFO - [MainThread] - initialize:92 - Initializing advanced research engine...
2025-10-04 12:46:06,219 - JARVIS.SystemMonitor - WARNING - [SystemMonitor] - _trigger_alert:453 - Alert triggered: high_memory_usage - {'metric': 'memory', 'value': 85.2, 'threshold': 85, 'unit': 'percent'}
2025-10-04 12:46:07,321 - JARVIS.SystemMonitor - WARNING - [SystemMonitor] - _trigger_alert:453 - Alert triggered: high_memory_usage - {'metric': 'memory', 'value': 85.2, 'threshold': 85, 'unit': 'percent'}
2025-10-04 12:46:08,444 - JARVIS.SystemMonitor - WARNING - [SystemMonitor] - _trigger_alert:453 - Alert triggered: high_memory_usage - {'metric': 'memory', 'value': 85.1, 'threshold': 85, 'unit': 'percent'}
2025-10-04 12:46:09,589 - JARVIS.SystemMonitor - WARNING - [SystemMonitor] - _trigger_alert:453 - Alert triggered: high_memory_usage - {'metric': 'memory', 'value': 85.1, 'threshold': 85, 'unit': 'percent'}
2025-10-04 12:46:11,376 - JARVIS.SystemMonitor - WARNING - [SystemMonitor] - _trigger_alert:453 - Alert triggered: high_memory_usage - {'metric': 'memory', 'value': 85.2, 'threshold': 85, 'unit': 'percent'}
2025-10-04 12:46:11,456 - JARVIS.AdvancedResearch - INFO - [MainThread] - initialize:102 - Credibility assessment model loaded
2025-10-04 12:46:11,457 - JARVIS.AdvancedResearch - INFO - [MainThread] - initialize:109 - Advanced research engine initialized
2025-10-04 12:46:11,458 - JARVIS.KnowledgeSynthesizer - INFO - [MainThread] - initialize:73 - Initializing knowledge synthesizer...
2025-10-04 12:46:14,150 - JARVIS.SystemMonitor - WARNING - [SystemMonitor] - _trigger_alert:453 - Alert triggered: high_memory_usage - {'metric': 'memory', 'value': 85.2, 'threshold': 85, 'unit': 'percent'}
2025-10-04 12:46:15,286 - JARVIS.SystemMonitor - WARNING - [SystemMonitor] - _trigger_alert:453 - Alert triggered: high_memory_usage - {'metric': 'memory', 'value': 85.4, 'threshold': 85, 'unit': 'percent'}
2025-10-04 12:46:17,005 - JARVIS.SystemMonitor - WARNING - [SystemMonitor] - _trigger_alert:453 - Alert triggered: high_memory_usage - {'metric': 'memory', 'value': 85.4, 'threshold': 85, 'unit': 'percent'}
2025-10-04 12:46:18,107 - JARVIS.SystemMonitor - WARNING - [SystemMonitor] - _trigger_alert:453 - Alert triggered: high_memory_usage - {'metric': 'memory', 'value': 85.4, 'threshold': 85, 'unit': 'percent'}
2025-10-04 12:46:19,225 - JARVIS.SystemMonitor - WARNING - [SystemMonitor] - _trigger_alert:453 - Alert triggered: high_memory_usage - {'metric': 'memory', 'value': 85.4, 'threshold': 85, 'unit': 'percent'}
2025-10-04 12:46:20,331 - JARVIS.SystemMonitor - WARNING - [SystemMonitor] - _trigger_alert:453 - Alert triggered: high_memory_usage - {'metric': 'memory', 'value': 85.6, 'threshold': 85, 'unit': 'percent'}
2025-10-04 12:46:22,106 - JARVIS.SystemMonitor - WARNING - [SystemMonitor] - _trigger_alert:453 - Alert triggered: high_memory_usage - {'metric': 'memory', 'value': 85.6, 'threshold': 85, 'unit': 'percent'}
