2025-10-05 06:27:51,334 - JARVIS - INFO - [MainThread] - __init__:82 - J.A.R.V.I.S. system initialized
2025-10-05 06:27:51,344 - JARVIS - INFO - [MainThread] - start:240 - Starting J.A.R.V.I.S. system...
2025-10-05 06:27:51,344 - JARVIS - INFO - [MainThread] - initialize_modules:166 - Initializing system modules...
2025-10-05 06:27:51,345 - JARVIS.VoiceInterface - INFO - [MainThread] - initialize:93 - Initializing voice interface...
2025-10-05 06:27:52,336 - JARVIS.VoiceInterface - INFO - [MainThread] - _initialize_tts:134 - TTS engine initialized
2025-10-05 06:27:53,021 - JARVIS.VoiceInterface - INFO - [MainThread] - _initialize_stt:155 - Adjusting for ambient noise...
2025-10-05 06:27:53,022 - JARVIS.VoiceInterface - ERROR - [MainThread] - _initialize_stt:162 - Error initializing STT: 'NoneType' object has no attribute 'close'
2025-10-05 06:27:53,023 - JARVIS.VoiceInterface - INFO - [MainThread] - _initialize_stt:163 - STT will be unavailable
2025-10-05 06:27:53,042 - JARVIS.VoiceInterface - INFO - [MainThread] - initialize:104 - Voice interface initialized successfully
2025-10-05 06:27:53,048 - JARVIS.SystemMonitor - INFO - [SystemMonitor] - _monitor_loop:108 - System monitoring loop started
2025-10-05 06:27:53,048 - JARVIS.SystemMonitor - INFO - [MainThread] - start_monitoring:94 - System monitoring started
2025-10-05 06:27:53,052 - JARVIS.ApplicationController - INFO - [MainThread] - initialize:59 - Initializing application controller...
2025-10-05 06:27:53,080 - JARVIS.ApplicationController - INFO - [MainThread] - start_monitoring:505 - Application monitoring started
2025-10-05 06:28:01,672 - JARVIS.SystemMonitor - WARNING - [SystemMonitor] - _trigger_alert:453 - Alert triggered: high_cpu_usage - {'metric': 'cpu', 'value': 87.3, 'threshold': 80, 'unit': 'percent'}
2025-10-05 06:28:01,673 - JARVIS.SystemMonitor - WARNING - [SystemMonitor] - _trigger_alert:453 - Alert triggered: high_memory_usage - {'metric': 'memory', 'value': 88.9, 'threshold': 85, 'unit': 'percent'}
2025-10-05 06:28:02,858 - JARVIS.SystemMonitor - WARNING - [SystemMonitor] - _trigger_alert:453 - Alert triggered: high_memory_usage - {'metric': 'memory', 'value': 90.0, 'threshold': 85, 'unit': 'percent'}
2025-10-05 06:28:03,984 - JARVIS.SystemMonitor - WARNING - [SystemMonitor] - _trigger_alert:453 - Alert triggered: high_cpu_usage - {'metric': 'cpu', 'value': 91.7, 'threshold': 80, 'unit': 'percent'}
2025-10-05 06:28:03,985 - JARVIS.SystemMonitor - WARNING - [SystemMonitor] - _trigger_alert:453 - Alert triggered: high_memory_usage - {'metric': 'memory', 'value': 90.0, 'threshold': 85, 'unit': 'percent'}
2025-10-05 06:28:05,738 - JARVIS.ApplicationController - INFO - [MainThread] - _scan_running_applications:130 - Scanned 287 running applications
2025-10-05 06:28:05,773 - JARVIS.ApplicationController - INFO - [MainThread] - initialize:67 - Application controller initialized
2025-10-05 06:28:05,773 - JARVIS.FileManager - INFO - [MainThread] - initialize:72 - Initializing file manager...
2025-10-05 06:28:05,885 - JARVIS.FileManager - INFO - [MainThread] - initialize:77 - File manager initialized
2025-10-05 06:28:05,962 - JARVIS.NetworkManager - INFO - [MainThread] - initialize:63 - Initializing network manager...
2025-10-05 06:28:06,357 - JARVIS.NetworkManager - INFO - [MainThread] - _scan_network_interfaces:113 - Found 6 network interfaces
2025-10-05 06:28:09,405 - JARVIS.NetworkManager - INFO - [MainThread] - _set_default_interface:145 - Default interface set to: 192.168.2.8
2025-10-05 06:28:09,701 - JARVIS.NetworkManager - INFO - [NetworkMonitor] - _monitor_loop:173 - Network monitoring loop started
2025-10-05 06:28:09,716 - JARVIS.NetworkManager - INFO - [MainThread] - start_monitoring:160 - Network monitoring started
2025-10-05 06:28:10,696 - JARVIS.NetworkManager - INFO - [MainThread] - initialize:74 - Network manager initialized
2025-10-05 06:28:10,841 - JARVIS.SecurityManager - INFO - [MainThread] - initialize:66 - Initializing security manager...
2025-10-05 06:28:11,026 - JARVIS.SecurityManager - INFO - [MainThread] - _initialize_encryption:126 - Using existing master encryption key
2025-10-05 06:28:11,107 - JARVIS.SecurityManager - INFO - [MainThread] - initialize:77 - Security manager initialized
2025-10-05 06:28:11,172 - JARVIS.SecurityManager - INFO - [SecurityMonitor] - _check_key_rotation:683 - Rotating encryption keys...
2025-10-05 06:28:11,214 - JARVIS.PluginManager - INFO - [MainThread] - load_plugins:101 - Loading plugins...
2025-10-05 06:28:11,394 - JARVIS.SecurityManager - ERROR - [SecurityMonitor] - _log_security_event:618 - Error logging security event: 'EventManager' object has no attribute 'EventType'
2025-10-05 06:28:14,415 - JARVIS.SystemMonitor - WARNING - [SystemMonitor] - _trigger_alert:453 - Alert triggered: high_cpu_usage - {'metric': 'cpu', 'value': 95.4, 'threshold': 80, 'unit': 'percent'}
2025-10-05 06:28:14,434 - JARVIS.SystemMonitor - WARNING - [SystemMonitor] - _trigger_alert:453 - Alert triggered: high_memory_usage - {'metric': 'memory', 'value': 90.9, 'threshold': 85, 'unit': 'percent'}
2025-10-05 06:28:20,335 - JARVIS.SystemMonitor - WARNING - [SystemMonitor] - _trigger_alert:453 - Alert triggered: high_cpu_usage - {'metric': 'cpu', 'value': 95.4, 'threshold': 80, 'unit': 'percent'}
2025-10-05 06:28:20,335 - JARVIS.SystemMonitor - WARNING - [SystemMonitor] - _trigger_alert:453 - Alert triggered: high_memory_usage - {'metric': 'memory', 'value': 90.5, 'threshold': 85, 'unit': 'percent'}
2025-10-05 06:28:21,606 - JARVIS.SystemMonitor - WARNING - [SystemMonitor] - _trigger_alert:453 - Alert triggered: high_cpu_usage - {'metric': 'cpu', 'value': 84.9, 'threshold': 80, 'unit': 'percent'}
2025-10-05 06:28:21,606 - JARVIS.SystemMonitor - WARNING - [SystemMonitor] - _trigger_alert:453 - Alert triggered: high_memory_usage - {'metric': 'memory', 'value': 91.3, 'threshold': 85, 'unit': 'percent'}
2025-10-05 06:28:21,682 - JARVIS.PluginManager - INFO - [MainThread] - load_plugins:110 - Loaded 6 plugins
2025-10-05 06:28:21,682 - JARVIS - INFO - [MainThread] - _initialize_advanced_components:209 - Initializing advanced AI components...
2025-10-05 06:28:21,695 - JARVIS.SelfDevelopment - INFO - [MainThread] - initialize:173 - Initializing self-development engine...
2025-10-05 06:28:21,695 - JARVIS.WebSearcher - INFO - [MainThread] - initialize:95 - Initializing web searcher...
2025-10-05 06:28:21,696 - JARVIS.WebSearcher - INFO - [MainThread] - initialize:100 - Web searcher initialized
2025-10-05 06:28:21,696 - JARVIS.InfoCollector - INFO - [MainThread] - initialize:340 - Initializing info collector...
2025-10-05 06:28:24,122 - JARVIS.SystemMonitor - WARNING - [SystemMonitor] - _trigger_alert:453 - Alert triggered: high_cpu_usage - {'metric': 'cpu', 'value': 91.5, 'threshold': 80, 'unit': 'percent'}
2025-10-05 06:28:24,194 - JARVIS.SystemMonitor - WARNING - [SystemMonitor] - _trigger_alert:453 - Alert triggered: high_memory_usage - {'metric': 'memory', 'value': 91.3, 'threshold': 85, 'unit': 'percent'}
2025-10-05 06:28:24,389 - JARVIS.InfoCollector - INFO - [MainThread] - initialize:352 - Info collector initialized
2025-10-05 06:28:24,389 - JARVIS.ReasoningEngine - INFO - [MainThread] - initialize:82 - Initializing reasoning engine...
2025-10-05 06:28:24,390 - JARVIS.ReasoningEngine - INFO - [MainThread] - initialize:90 - Reasoning engine initialized
2025-10-05 06:28:24,390 - JARVIS.CodeGenerator - INFO - [MainThread] - initialize:50 - Initializing code generator...
2025-10-05 06:28:24,390 - JARVIS.CodeGenerator - INFO - [MainThread] - initialize:55 - Code generator initialized
2025-10-05 06:28:24,391 - JARVIS.Tester - INFO - [MainThread] - initialize:399 - Initializing comprehensive testing system...
2025-10-05 06:28:24,391 - JARVIS.Tester - INFO - [MainThread] - test_code:413 - Starting comprehensive testing for basic
2025-10-05 06:28:24,401 - JARVIS.Tester - ERROR - [MainThread] - test_code:476 - Error in comprehensive testing: 'security_issue'
2025-10-05 06:28:24,401 - JARVIS.Updater - INFO - [MainThread] - initialize:64 - Initializing update manager...
2025-10-05 06:28:24,402 - JARVIS.Updater - INFO - [MainThread] - initialize:76 - Update manager initialized
2025-10-05 06:28:24,402 - JARVIS.Evolver - INFO - [MainThread] - initialize:318 - Initializing genetic algorithm evolver...
2025-10-05 06:28:24,527 - JARVIS.Validator - INFO - [MainThread] - initialize:615 - Initializing advanced validator...
2025-10-05 06:28:24,538 - JARVIS.AdvancedResearch - INFO - [MainThread] - initialize:92 - Initializing advanced research engine...
2025-10-05 06:28:25,332 - JARVIS.SystemMonitor - WARNING - [SystemMonitor] - _trigger_alert:453 - Alert triggered: high_cpu_usage - {'metric': 'cpu', 'value': 92.7, 'threshold': 80, 'unit': 'percent'}
2025-10-05 06:28:25,335 - JARVIS.SystemMonitor - WARNING - [SystemMonitor] - _trigger_alert:453 - Alert triggered: high_memory_usage - {'metric': 'memory', 'value': 93.5, 'threshold': 85, 'unit': 'percent'}
2025-10-05 06:28:31,297 - JARVIS.ApplicationController - WARNING - [AppMonitor] - _check_crashed_applications:550 - Application crashed: WmiApSrv.exe (PID: 9084)
2025-10-05 06:28:33,329 - JARVIS.SystemMonitor - WARNING - [SystemMonitor] - _trigger_alert:453 - Alert triggered: high_cpu_usage - {'metric': 'cpu', 'value': 95.7, 'threshold': 80, 'unit': 'percent'}
2025-10-05 06:28:33,329 - JARVIS.SystemMonitor - WARNING - [SystemMonitor] - _trigger_alert:453 - Alert triggered: high_memory_usage - {'metric': 'memory', 'value': 93.5, 'threshold': 85, 'unit': 'percent'}
2025-10-05 06:28:34,159 - JARVIS.AdvancedResearch - INFO - [MainThread] - initialize:102 - Credibility assessment model loaded
2025-10-05 06:28:34,159 - JARVIS.AdvancedResearch - INFO - [MainThread] - initialize:109 - Advanced research engine initialized
2025-10-05 06:28:34,159 - JARVIS.KnowledgeSynthesizer - INFO - [MainThread] - initialize:73 - Initializing knowledge synthesizer...
2025-10-05 06:28:34,473 - JARVIS.SystemMonitor - WARNING - [SystemMonitor] - _trigger_alert:453 - Alert triggered: high_memory_usage - {'metric': 'memory', 'value': 91.3, 'threshold': 85, 'unit': 'percent'}
2025-10-05 06:28:35,575 - JARVIS.SystemMonitor - WARNING - [SystemMonitor] - _trigger_alert:453 - Alert triggered: high_memory_usage - {'metric': 'memory', 'value': 91.3, 'threshold': 85, 'unit': 'percent'}
2025-10-05 06:28:40,999 - JARVIS.SystemMonitor - WARNING - [SystemMonitor] - _trigger_alert:453 - Alert triggered: high_memory_usage - {'metric': 'memory', 'value': 87.6, 'threshold': 85, 'unit': 'percent'}
2025-10-05 06:28:42,210 - JARVIS.SystemMonitor - WARNING - [SystemMonitor] - _trigger_alert:453 - Alert triggered: high_memory_usage - {'metric': 'memory', 'value': 87.3, 'threshold': 85, 'unit': 'percent'}
2025-10-05 06:28:43,329 - JARVIS.SystemMonitor - WARNING - [SystemMonitor] - _trigger_alert:453 - Alert triggered: high_memory_usage - {'metric': 'memory', 'value': 87.3, 'threshold': 85, 'unit': 'percent'}
2025-10-05 06:28:44,437 - JARVIS.SystemMonitor - WARNING - [SystemMonitor] - _trigger_alert:453 - Alert triggered: high_cpu_usage - {'metric': 'cpu', 'value': 80.9, 'threshold': 80, 'unit': 'percent'}
2025-10-05 06:28:44,438 - JARVIS.SystemMonitor - WARNING - [SystemMonitor] - _trigger_alert:453 - Alert triggered: high_memory_usage - {'metric': 'memory', 'value': 88.3, 'threshold': 85, 'unit': 'percent'}
2025-10-05 06:28:45,575 - JARVIS.SystemMonitor - WARNING - [SystemMonitor] - _trigger_alert:453 - Alert triggered: high_memory_usage - {'metric': 'memory', 'value': 88.3, 'threshold': 85, 'unit': 'percent'}
2025-10-05 06:28:46,901 - JARVIS.SystemMonitor - WARNING - [SystemMonitor] - _trigger_alert:453 - Alert triggered: high_memory_usage - {'metric': 'memory', 'value': 89.5, 'threshold': 85, 'unit': 'percent'}
2025-10-05 06:28:51,032 - JARVIS.ApplicationController - WARNING - [AppMonitor] - _check_crashed_applications:550 - Application crashed: svchost.exe (PID: 20256)
2025-10-05 06:28:53,538 - JARVIS.SystemMonitor - WARNING - [SystemMonitor] - _trigger_alert:453 - Alert triggered: high_cpu_usage - {'metric': 'cpu', 'value': 81.0, 'threshold': 80, 'unit': 'percent'}
2025-10-05 06:28:53,539 - JARVIS.SystemMonitor - WARNING - [SystemMonitor] - _trigger_alert:453 - Alert triggered: high_memory_usage - {'metric': 'memory', 'value': 89.5, 'threshold': 85, 'unit': 'percent'}
2025-10-05 06:28:54,199 - JARVIS.KnowledgeSynthesizer - INFO - [MainThread] - initialize:87 - ML models loaded successfully
2025-10-05 06:28:54,201 - JARVIS.KnowledgeSynthesizer - INFO - [MainThread] - initialize:95 - Knowledge graph initialized
2025-10-05 06:28:54,202 - JARVIS.KnowledgeSynthesizer - INFO - [MainThread] - initialize:97 - Knowledge synthesizer initialized
2025-10-05 06:28:54,202 - JARVIS.InnovationEngine - INFO - [MainThread] - initialize:83 - Initializing innovation engine...
2025-10-05 06:28:54,672 - JARVIS.SystemMonitor - WARNING - [SystemMonitor] - _trigger_alert:453 - Alert triggered: high_memory_usage - {'metric': 'memory', 'value': 89.4, 'threshold': 85, 'unit': 'percent'}
2025-10-05 06:28:55,773 - JARVIS.SystemMonitor - WARNING - [SystemMonitor] - _trigger_alert:453 - Alert triggered: high_memory_usage - {'metric': 'memory', 'value': 89.4, 'threshold': 85, 'unit': 'percent'}
2025-10-05 06:28:56,401 - JARVIS.InnovationEngine - INFO - [MainThread] - initialize:98 - Innovation models loaded successfully
2025-10-05 06:28:56,402 - JARVIS.InnovationEngine - INFO - [MainThread] - _initialize_solutions_database:120 - Initializing SentenceTransformer for solutions...
2025-10-05 06:28:56,883 - JARVIS.SystemMonitor - WARNING - [SystemMonitor] - _trigger_alert:453 - Alert triggered: high_memory_usage - {'metric': 'memory', 'value': 90.9, 'threshold': 85, 'unit': 'percent'}
2025-10-05 06:28:58,021 - JARVIS.SystemMonitor - WARNING - [SystemMonitor] - _trigger_alert:453 - Alert triggered: high_cpu_usage - {'metric': 'cpu', 'value': 93.5, 'threshold': 80, 'unit': 'percent'}
2025-10-05 06:28:58,021 - JARVIS.SystemMonitor - WARNING - [SystemMonitor] - _trigger_alert:453 - Alert triggered: high_memory_usage - {'metric': 'memory', 'value': 90.9, 'threshold': 85, 'unit': 'percent'}
2025-10-05 06:29:04,903 - JARVIS.SystemMonitor - WARNING - [SystemMonitor] - _trigger_alert:453 - Alert triggered: high_cpu_usage - {'metric': 'cpu', 'value': 95.3, 'threshold': 80, 'unit': 'percent'}
2025-10-05 06:29:04,903 - JARVIS.SystemMonitor - WARNING - [SystemMonitor] - _trigger_alert:453 - Alert triggered: high_memory_usage - {'metric': 'memory', 'value': 93.3, 'threshold': 85, 'unit': 'percent'}
2025-10-05 06:29:06,153 - JARVIS.SystemMonitor - WARNING - [SystemMonitor] - _trigger_alert:453 - Alert triggered: high_cpu_usage - {'metric': 'cpu', 'value': 88.0, 'threshold': 80, 'unit': 'percent'}
2025-10-05 06:29:06,153 - JARVIS.SystemMonitor - WARNING - [SystemMonitor] - _trigger_alert:453 - Alert triggered: high_memory_usage - {'metric': 'memory', 'value': 92.4, 'threshold': 85, 'unit': 'percent'}
2025-10-05 06:29:07,046 - JARVIS.InnovationEngine - INFO - [MainThread] - _initialize_solutions_database:122 - Solutions embedding model initialized
2025-10-05 06:29:07,433 - JARVIS.SystemMonitor - WARNING - [SystemMonitor] - _trigger_alert:453 - Alert triggered: high_cpu_usage - {'metric': 'cpu', 'value': 85.9, 'threshold': 80, 'unit': 'percent'}
2025-10-05 06:29:07,480 - JARVIS.SystemMonitor - WARNING - [SystemMonitor] - _trigger_alert:453 - Alert triggered: high_memory_usage - {'metric': 'memory', 'value': 92.4, 'threshold': 85, 'unit': 'percent'}
2025-10-05 06:29:07,711 - JARVIS.InnovationEngine - INFO - [MainThread] - _initialize_solutions_database:137 - Solutions database initialized
2025-10-05 06:29:07,825 - JARVIS.InnovationEngine - INFO - [MainThread] - _seed_solutions_database:156 - Solutions database already contains 8 solutions
2025-10-05 06:29:07,825 - JARVIS.InnovationEngine - INFO - [MainThread] - initialize:109 - Innovation engine initialized
2025-10-05 06:29:07,826 - JARVIS.CodeOptimizer - INFO - [MainThread] - initialize:62 - Initializing code optimizer...
2025-10-05 06:29:07,826 - JARVIS.CodeOptimizer - INFO - [MainThread] - initialize:67 - Code optimizer initialized
2025-10-05 06:29:07,826 - JARVIS.SecurityValidator - INFO - [MainThread] - initialize:56 - Initializing security validator...
2025-10-05 06:29:07,826 - JARVIS.SecurityValidator - WARNING - [MainThread] - _validate_security_rules:558 - Security rule dangerous_imports missing field: type
2025-10-05 06:29:07,827 - JARVIS.SecurityValidator - WARNING - [MainThread] - _validate_security_rules:558 - Security rule dangerous_imports missing field: severity
2025-10-05 06:29:07,827 - JARVIS.SecurityValidator - WARNING - [MainThread] - _validate_security_rules:558 - Security rule dangerous_imports missing field: description
2025-10-05 06:29:07,827 - JARVIS.SecurityValidator - INFO - [MainThread] - initialize:61 - Security validator initialized
2025-10-05 06:29:07,827 - JARVIS.PerformanceAnalyzer - INFO - [MainThread] - initialize:62 - Initializing performance analyzer...
2025-10-05 06:29:07,830 - JARVIS.PerformanceAnalyzer - INFO - [MainThread] - initialize:68 - Performance analyzer initialized
2025-10-05 06:29:07,830 - JARVIS.IntegrationTester - INFO - [MainThread] - initialize:56 - Initializing integration tester...
2025-10-05 06:29:07,830 - JARVIS.IntegrationTester - INFO - [MainThread] - _load_system_components:1108 - Loading JARVIS system components for integration testing...
2025-10-05 06:29:07,832 - JARVIS.IntegrationTester - INFO - [MainThread] - _load_system_components:1145 - Loaded 8 system components for testing
2025-10-05 06:29:07,832 - JARVIS.IntegrationTester - INFO - [MainThread] - _setup_test_environment:1154 - Setting up integration test environment...
2025-10-05 06:29:07,846 - JARVIS.IntegrationTester - INFO - [MainThread] - _setup_test_environment:1204 - Integration test environment setup complete
2025-10-05 06:29:07,847 - JARVIS.IntegrationTester - INFO - [MainThread] - initialize:64 - Integration tester initialized
2025-10-05 06:29:07,847 - JARVIS.DeploymentOrchestrator - INFO - [MainThread] - initialize:66 - Initializing deployment orchestrator...
2025-10-05 06:29:07,849 - JARVIS.DeploymentOrchestrator - INFO - [MainThread] - initialize:74 - Deployment orchestrator initialized
2025-10-05 06:29:07,852 - JARVIS.SelfDevelopment - INFO - [MainThread] - initialize:202 - Self-development engine initialized
2025-10-05 06:29:07,858 - JARVIS.ApplicationHealer - INFO - [MainThread] - initialize:96 - Initializing application healer...
2025-10-05 06:29:07,858 - JARVIS.ErrorDetector - INFO - [MainThread] - initialize:21 - Error Detector initialized
2025-10-05 06:29:07,858 - JARVIS.Debugger - INFO - [MainThread] - initialize:489 - Initializing advanced debugger system...
2025-10-05 06:29:07,859 - JARVIS.Debugger - INFO - [MainThread] - debug_error:511 - Starting comprehensive error analysis: debug_1759625947_5138
2025-10-05 06:29:07,860 - JARVIS.Debugger - INFO - [MainThread] - debug_error:618 - Error analysis completed in 0.00s with 0.0% confidence
2025-10-05 06:29:07,876 - JARVIS.FixGenerator - INFO - [MainThread] - initialize:372 - Initializing advanced fix generator...
2025-10-05 06:29:07,877 - JARVIS.FixGenerator - INFO - [MainThread] - generate_fix:392 - Generating fix for error: test_error
2025-10-05 06:29:07,879 - JARVIS.FixGenerator - INFO - [MainThread] - generate_fix:439 - Fix generated in 0.00s with 0.7% confidence
2025-10-05 06:29:07,888 - JARVIS.PatchApplier - INFO - [MainThread] - initialize:419 - Initializing advanced patch applier...
2025-10-05 06:29:07,898 - JARVIS.RecoveryManager - INFO - [MainThread] - initialize:671 - Initializing advanced recovery manager...
2025-10-05 06:29:07,946 - JARVIS.Optimizer - INFO - [MainThread] - initialize:509 - Initializing advanced system optimizer...
2025-10-05 06:29:07,957 - JARVIS.HealthReporter - INFO - [MainThread] - initialize:371 - Initializing advanced health reporter...
2025-10-05 06:29:07,957 - JARVIS.HealthReporter - ERROR - [MainThread] - initialize:385 - Error initializing health reporter: name 'asyncio' is not defined
2025-10-05 06:29:07,958 - JARVIS.ApplicationHealer - ERROR - [MainThread] - initialize:130 - Error initializing application healer: name 'asyncio' is not defined
2025-10-05 06:29:07,958 - JARVIS - ERROR - [MainThread] - _initialize_advanced_components:234 - Error initializing advanced components: name 'asyncio' is not defined
2025-10-05 06:29:07,959 - JARVIS - INFO - [MainThread] - initialize_modules:200 - All modules initialized successfully
2025-10-05 06:29:07,959 - JARVIS - INFO - [MainThread] - _main_loop:259 - J.A.R.V.I.S. is now running
2025-10-05 06:29:07,960 - JARVIS - ERROR - [MainThread] - _main_loop:282 - Error in main loop: 'str' object has no attribute 'value'
2025-10-05 06:29:07,961 - JARVIS - INFO - [MainThread] - shutdown:418 - Shutting down J.A.R.V.I.S. system...
2025-10-05 06:29:08,593 - JARVIS.SystemMonitor - WARNING - [SystemMonitor] - _trigger_alert:453 - Alert triggered: high_memory_usage - {'metric': 'memory', 'value': 92.2, 'threshold': 85, 'unit': 'percent'}
2025-10-05 06:29:08,693 - JARVIS.SystemMonitor - INFO - [SystemMonitor] - _monitor_loop:143 - System monitoring loop ended
2025-10-05 06:29:08,703 - JARVIS.SystemMonitor - INFO - [MainThread] - stop_monitoring:101 - System monitoring stopped
2025-10-05 06:29:08,703 - JARVIS.VoiceInterface - INFO - [MainThread] - shutdown:711 - Shutting down voice interface...
2025-10-05 06:29:08,703 - JARVIS.VoiceInterface - INFO - [MainThread] - stop_continuous_listening:416 - Continuous listening stopped
2025-10-05 06:29:08,704 - JARVIS.VoiceInterface - INFO - [MainThread] - shutdown:733 - Voice interface shutdown complete
2025-10-05 06:29:08,704 - JARVIS.PluginManager - INFO - [MainThread] - unload_plugins:649 - Unloading all plugins...
2025-10-05 06:29:08,705 - JARVIS.PluginManager - INFO - [MainThread] - disable_plugin:345 - Disabled plugin: voice_interface
2025-10-05 06:29:08,705 - JARVIS.PluginManager - INFO - [MainThread] - disable_plugin:345 - Disabled plugin: system_monitor
2025-10-05 06:29:08,705 - JARVIS.PluginManager - INFO - [MainThread] - disable_plugin:345 - Disabled plugin: application_controller
2025-10-05 06:29:08,706 - JARVIS.PluginManager - INFO - [MainThread] - disable_plugin:345 - Disabled plugin: file_manager
2025-10-05 06:29:08,706 - JARVIS.PluginManager - INFO - [MainThread] - disable_plugin:345 - Disabled plugin: network_manager
2025-10-05 06:29:08,706 - JARVIS.PluginManager - INFO - [MainThread] - disable_plugin:345 - Disabled plugin: security_manager
2025-10-05 06:29:08,706 - JARVIS.PluginManager - INFO - [MainThread] - unload_plugins:662 - All plugins unloaded
2025-10-05 06:29:08,708 - JARVIS - INFO - [MainThread] - shutdown:453 - J.A.R.V.I.S. system shutdown complete
2025-10-05 06:29:08,712 - JARVIS.Updater - INFO - [MainThread] - check_for_updates:93 - Checking for updates...
2025-10-05 06:29:08,789 - JARVIS.Updater - ERROR - [MainThread] - _fetch_version_info:336 - HTTP error fetching version info: HTTPSConnectionPool(host='api.jarvis.ai', port=443): Max retries exceeded with url: /updates/version.json (Caused by NameResolutionError("<urllib3.connection.HTTPSConnection object at 0x0000027922B70550>: Failed to resolve 'api.jarvis.ai' ([Errno 11001] getaddrinfo failed)"))
2025-10-05 06:29:08,791 - JARVIS.SelfDevelopment - INFO - [MainThread] - _process_tasks:254 - Self-development task processing started
2025-10-05 06:29:08,795 - JARVIS - INFO - [MainThread] - shutdown:418 - Shutting down J.A.R.V.I.S. system...
2025-10-05 06:29:08,795 - JARVIS.SystemMonitor - INFO - [MainThread] - stop_monitoring:101 - System monitoring stopped
2025-10-05 06:29:08,795 - JARVIS.VoiceInterface - INFO - [MainThread] - shutdown:711 - Shutting down voice interface...
2025-10-05 06:29:08,796 - JARVIS.VoiceInterface - INFO - [MainThread] - stop_continuous_listening:416 - Continuous listening stopped
2025-10-05 06:29:08,796 - JARVIS.VoiceInterface - INFO - [MainThread] - shutdown:733 - Voice interface shutdown complete
2025-10-05 06:29:08,796 - JARVIS.PluginManager - INFO - [MainThread] - unload_plugins:649 - Unloading all plugins...
2025-10-05 06:29:08,796 - JARVIS.PluginManager - INFO - [MainThread] - disable_plugin:345 - Disabled plugin: voice_interface
2025-10-05 06:29:08,796 - JARVIS.PluginManager - INFO - [MainThread] - disable_plugin:345 - Disabled plugin: system_monitor
2025-10-05 06:29:08,796 - JARVIS.PluginManager - INFO - [MainThread] - disable_plugin:345 - Disabled plugin: application_controller
2025-10-05 06:29:08,796 - JARVIS.PluginManager - INFO - [MainThread] - disable_plugin:345 - Disabled plugin: file_manager
2025-10-05 06:29:08,796 - JARVIS.PluginManager - INFO - [MainThread] - disable_plugin:345 - Disabled plugin: network_manager
2025-10-05 06:29:08,797 - JARVIS.PluginManager - INFO - [MainThread] - disable_plugin:345 - Disabled plugin: security_manager
2025-10-05 06:29:08,797 - JARVIS.PluginManager - INFO - [MainThread] - unload_plugins:662 - All plugins unloaded
2025-10-05 06:29:08,797 - JARVIS - INFO - [MainThread] - shutdown:453 - J.A.R.V.I.S. system shutdown complete
